2025-10-02 18:11:47,874 - DEBUG - Starting new HTTP connection (1): www.google.com:80
2025-10-02 18:11:48,207 - DEBUG - http://www.google.com:80 "HEAD / HTTP/1.1" 200 0
2025-10-02 18:11:48,240 - DEBUG - Starting new HTTPS connection (1): rascalck.pythonanywhere.com:443
2025-10-02 18:11:48,698 - DEBUG - https://rascalck.pythonanywhere.com:443 "GET /version/ HTTP/1.1" 200 10
2025-10-02 18:11:48,837 - INFO - У вас установлена актуальная версия.
2025-10-02 18:11:48,840 - INFO - Файл 'preferences.txt' прочитан: False, интерпретировано как: False
2025-10-02 18:11:48,841 - INFO - Это не первый запуск.
2025-10-02 18:11:48,842 - INFO - Файл конфигурации 'config.ini' успешно открыт.
2025-10-02 18:11:52,174 - INFO - 4.00000000000000
2025-10-02 18:11:52,175 - INFO - 4
2025-10-02 18:11:52,812 - INFO - 4.00000000000000
2025-10-02 18:11:52,813 - INFO - 4
2025-10-02 18:11:53,197 - INFO - 4.00000000000000
2025-10-02 18:11:53,198 - INFO - 4
2025-10-02 18:12:01,667 - INFO - Ans + 2.0
2025-10-02 18:12:05,883 - INFO - 4.00000000000000
2025-10-02 18:12:05,883 - INFO - 4
2025-10-02 18:12:30,052 - INFO - 205022.000000000
2025-10-02 18:12:30,052 - INFO - 205022
2025-10-02 18:12:32,773 - INFO - Это строка 1.22128E+999999
2025-10-02 18:12:58,789 - INFO - 1.58766400000000e+1000000
2025-10-02 18:12:58,790 - INFO - Infinity
2025-10-02 18:13:05,835 - INFO - 1.58766400000000e+1000000
2025-10-02 18:13:05,837 - INFO - Infinity
2025-10-02 18:13:06,416 - INFO - 1.58766400000000e+1000000
2025-10-02 18:13:06,418 - INFO - Infinity
2025-10-02 18:13:06,564 - INFO - 1.58766400000000e+1000000
2025-10-02 18:13:06,565 - INFO - Infinity
2025-10-02 18:13:06,739 - INFO - 1.58766400000000e+1000000
2025-10-02 18:13:06,741 - INFO - Infinity
2025-10-02 18:13:07,171 - INFO - 1.58766400000000e+1000000
2025-10-02 18:13:07,172 - INFO - Infinity
2025-10-02 18:13:07,299 - INFO - 1.58766400000000e+1000000
2025-10-02 18:13:07,302 - INFO - Infinity
2025-10-02 18:13:07,440 - INFO - 1.58766400000000e+1000000
2025-10-02 18:13:07,442 - INFO - Infinity
2025-10-02 18:14:26,615 - INFO - 9.77024000000000e+999999
2025-10-02 18:14:26,615 - INFO - Infinity
2025-10-02 18:14:27,315 - INFO - 9.77024000000000e+999999
2025-10-02 18:14:27,315 - INFO - Infinity
2025-10-02 18:14:27,531 - INFO - 9.77024000000000e+999999
2025-10-02 18:14:27,533 - INFO - Infinity
2025-10-02 18:14:27,905 - INFO - 9.77024000000000e+999999
2025-10-02 18:14:27,906 - INFO - Infinity
2025-10-02 18:14:28,095 - INFO - 9.77024000000000e+999999
2025-10-02 18:14:28,096 - INFO - Infinity
2025-10-02 18:14:28,284 - INFO - 9.77024000000000e+999999
2025-10-02 18:14:28,285 - INFO - Infinity
2025-10-02 18:14:28,453 - INFO - 9.77024000000000e+999999
2025-10-02 18:14:28,455 - INFO - Infinity
2025-10-02 18:14:28,550 - INFO - 9.77024000000000e+999999
2025-10-02 18:14:28,551 - INFO - Infinity
2025-10-02 18:14:28,742 - INFO - 9.77024000000000e+999999
2025-10-02 18:14:28,743 - INFO - Infinity
2025-10-02 18:14:28,859 - INFO - 9.77024000000000e+999999
2025-10-02 18:14:28,860 - INFO - Infinity
2025-10-02 18:14:49,229 - INFO - 4.88512000000000e+999
2025-10-02 18:14:49,229 - INFO - Infinity
2025-10-02 18:14:58,838 - INFO - 2.44256000000000e+99
2025-10-02 18:14:58,838 - INFO - 2442560000000000000000000000000000000000000000000000000000000000000000000000000000000000000000000000
2025-10-02 18:15:04,603 - INFO - 4.88512000000000e+99
2025-10-02 18:15:04,603 - INFO - 4885120000000000000000000000000000000000000000000000000000000000000000000000000000000000000000000000
2025-10-02 18:15:18,036 - INFO - 2.03280277563149e+1090
2025-10-02 18:15:18,037 - INFO - Infinity
2025-10-02 18:15:48,611 - INFO - 2.07617600000000e+100
2025-10-02 18:15:48,612 - INFO - 20761759999999995000000000000000000000000000000000000000000000000000000000000000000000000000000000000
2025-10-02 18:15:50,399 - INFO - 2.07617600000000e+100
2025-10-02 18:15:50,399 - INFO - 20761759999999995000000000000000000000000000000000000000000000000000000000000000000000000000000000000
2025-10-02 18:15:50,615 - INFO - 2.07617600000000e+100
2025-10-02 18:15:50,616 - INFO - 20761759999999995000000000000000000000000000000000000000000000000000000000000000000000000000000000000
2025-10-02 18:15:50,989 - INFO - 2.07617600000000e+100
2025-10-02 18:15:50,991 - INFO - 20761759999999995000000000000000000000000000000000000000000000000000000000000000000000000000000000000
2025-10-02 18:15:52,111 - INFO - 2.07617600000000e+100
2025-10-02 18:15:52,112 - INFO - 20761759999999995000000000000000000000000000000000000000000000000000000000000000000000000000000000000
2025-10-02 18:15:52,300 - INFO - 2.07617600000000e+100
2025-10-02 18:15:52,302 - INFO - 20761759999999995000000000000000000000000000000000000000000000000000000000000000000000000000000000000
2025-10-02 18:15:53,579 - INFO - 2.07617600000000e+100
2025-10-02 18:15:53,583 - INFO - 20761759999999995000000000000000000000000000000000000000000000000000000000000000000000000000000000000
2025-10-02 18:15:53,770 - INFO - 2.07617600000000e+100
2025-10-02 18:15:53,772 - INFO - 20761759999999995000000000000000000000000000000000000000000000000000000000000000000000000000000000000
2025-10-02 18:15:53,918 - INFO - 2.07617600000000e+100
2025-10-02 18:15:53,920 - INFO - 20761759999999995000000000000000000000000000000000000000000000000000000000000000000000000000000000000
2025-10-02 18:15:54,100 - INFO - 2.07617600000000e+100
2025-10-02 18:15:54,102 - INFO - 20761759999999995000000000000000000000000000000000000000000000000000000000000000000000000000000000000
2025-10-02 18:15:54,310 - INFO - 2.07617600000000e+100
2025-10-02 18:15:54,312 - INFO - 20761759999999995000000000000000000000000000000000000000000000000000000000000000000000000000000000000
2025-10-02 18:15:54,367 - INFO - 2.07617600000000e+100
2025-10-02 18:15:54,368 - INFO - 20761759999999995000000000000000000000000000000000000000000000000000000000000000000000000000000000000
2025-10-02 18:15:54,515 - INFO - 2.07617600000000e+100
2025-10-02 18:15:54,517 - INFO - 20761759999999995000000000000000000000000000000000000000000000000000000000000000000000000000000000000
2025-10-02 18:15:54,577 - INFO - 2.07617600000000e+100
2025-10-02 18:15:54,577 - INFO - 20761759999999995000000000000000000000000000000000000000000000000000000000000000000000000000000000000
2025-10-02 18:15:54,819 - INFO - 2.07617600000000e+100
2025-10-02 18:15:54,822 - INFO - 20761759999999995000000000000000000000000000000000000000000000000000000000000000000000000000000000000
2025-10-02 18:15:54,879 - INFO - 2.07617600000000e+100
2025-10-02 18:15:54,880 - INFO - 20761759999999995000000000000000000000000000000000000000000000000000000000000000000000000000000000000
2025-10-02 18:15:55,208 - INFO - 2.07617600000000e+100
2025-10-02 18:15:55,210 - INFO - 20761759999999995000000000000000000000000000000000000000000000000000000000000000000000000000000000000
