2025-09-28 13:40:19,567 - INFO - 1
2025-09-28 13:40:25,545 - INFO - 37.666667
2025-09-28 13:40:27,196 - INFO - 34
2025-09-28 13:40:28,384 - INFO - 67
2025-09-28 13:40:29,973 - INFO - 12
2025-09-28 13:40:31,149 - INFO - 55
2025-09-28 13:40:32,274 - INFO - 510.888889
2025-09-28 13:40:40,078 - INFO - Полученная строка уравнений: x+y=7
2025-09-28 13:40:40,078 - INFO - Разбито на уравнения: ['x+y=7']
2025-09-28 13:40:40,078 - INFO - Преобразование уравнения: x+y=7
2025-09-28 13:40:40,235 - INFO - Добавлено уравнение: Eq(x + y, 7)
2025-09-28 13:40:40,235 - INFO - Переменные, задействованные в уравнениях: {y, x}
2025-09-28 13:40:40,235 - INFO - Количество уравнений меньше количества переменных, система недоопределена.
2025-09-28 13:40:41,262 - INFO - Выбор пользователя: да, строить график.
2025-09-28 13:40:47,394 - DEBUG - Loaded backend qtagg version 6.9.1.
2025-09-28 13:40:47,712 - DEBUG - findfont: Matching sans\-serif:style=normal:variant=normal:weight=normal:stretch=normal:size=10.0.
2025-09-28 13:40:47,712 - DEBUG - findfont: score(FontEntry(fname='E:\\RasCalculator_SHIY\\.venv1\\Lib\\site-packages\\matplotlib\\mpl-data\\fonts\\ttf\\DejaVuSansMono-Bold.ttf', name='DejaVu Sans Mono', style='normal', variant='normal', weight=700, stretch='normal', size='scalable')) = 10.335
2025-09-28 13:40:47,712 - DEBUG - findfont: score(FontEntry(fname='E:\\RasCalculator_SHIY\\.venv1\\Lib\\site-packages\\matplotlib\\mpl-data\\fonts\\ttf\\DejaVuSerif-Bold.ttf', name='DejaVu Serif', style='normal', variant='normal', weight=700, stretch='normal', size='scalable')) = 10.335
2025-09-28 13:40:47,713 - DEBUG - findfont: score(FontEntry(fname='E:\\RasCalculator_SHIY\\.venv1\\Lib\\site-packages\\matplotlib\\mpl-data\\fonts\\ttf\\cmtt10.ttf', name='cmtt10', style='normal', variant='normal', weight=400, stretch='normal', size='scalable')) = 10.05
2025-09-28 13:40:47,713 - DEBUG - findfont: score(FontEntry(fname='E:\\RasCalculator_SHIY\\.venv1\\Lib\\site-packages\\matplotlib\\mpl-data\\fonts\\ttf\\DejaVuSerif.ttf', name='DejaVu Serif', style='normal', variant='normal', weight=400, stretch='normal', size='scalable')) = 10.05
2025-09-28 13:40:47,713 - DEBUG - findfont: score(FontEntry(fname='E:\\RasCalculator_SHIY\\.venv1\\Lib\\site-packages\\matplotlib\\mpl-data\\fonts\\ttf\\cmr10.ttf', name='cmr10', style='normal', variant='normal', weight=400, stretch='normal', size='scalable')) = 10.05
2025-09-28 13:40:47,713 - DEBUG - findfont: score(FontEntry(fname='E:\\RasCalculator_SHIY\\.venv1\\Lib\\site-packages\\matplotlib\\mpl-data\\fonts\\ttf\\STIXGeneralBol.ttf', name='STIXGeneral', style='normal', variant='normal', weight=700, stretch='normal', size='scalable')) = 10.335
2025-09-28 13:40:47,713 - DEBUG - findfont: score(FontEntry(fname='E:\\RasCalculator_SHIY\\.venv1\\Lib\\site-packages\\matplotlib\\mpl-data\\fonts\\ttf\\STIXSizFourSymReg.ttf', name='STIXSizeFourSym', style='normal', variant='normal', weight=400, stretch='normal', size='scalable')) = 10.05
2025-09-28 13:40:47,713 - DEBUG - findfont: score(FontEntry(fname='E:\\RasCalculator_SHIY\\.venv1\\Lib\\site-packages\\matplotlib\\mpl-data\\fonts\\ttf\\DejaVuSansDisplay.ttf', name='DejaVu Sans Display', style='normal', variant='normal', weight=400, stretch='normal', size='scalable')) = 10.05
2025-09-28 13:40:47,713 - DEBUG - findfont: score(FontEntry(fname='E:\\RasCalculator_SHIY\\.venv1\\Lib\\site-packages\\matplotlib\\mpl-data\\fonts\\ttf\\STIXSizThreeSymReg.ttf', name='STIXSizeThreeSym', style='normal', variant='normal', weight=400, stretch='normal', size='scalable')) = 10.05
2025-09-28 13:40:47,714 - DEBUG - findfont: score(FontEntry(fname='E:\\RasCalculator_SHIY\\.venv1\\Lib\\site-packages\\matplotlib\\mpl-data\\fonts\\ttf\\STIXGeneral.ttf', name='STIXGeneral', style='normal', variant='normal', weight=400, stretch='normal', size='scalable')) = 10.05
2025-09-28 13:40:47,714 - DEBUG - findfont: score(FontEntry(fname='E:\\RasCalculator_SHIY\\.venv1\\Lib\\site-packages\\matplotlib\\mpl-data\\fonts\\ttf\\STIXSizOneSymReg.ttf', name='STIXSizeOneSym', style='normal', variant='normal', weight=400, stretch='normal', size='scalable')) = 10.05
2025-09-28 13:40:47,714 - DEBUG - findfont: score(FontEntry(fname='E:\\RasCalculator_SHIY\\.venv1\\Lib\\site-packages\\matplotlib\\mpl-data\\fonts\\ttf\\STIXSizTwoSymReg.ttf', name='STIXSizeTwoSym', style='normal', variant='normal', weight=400, stretch='normal', size='scalable')) = 10.05
2025-09-28 13:40:47,714 - DEBUG - findfont: score(FontEntry(fname='E:\\RasCalculator_SHIY\\.venv1\\Lib\\site-packages\\matplotlib\\mpl-data\\fonts\\ttf\\cmex10.ttf', name='cmex10', style='normal', variant='normal', weight=400, stretch='normal', size='scalable')) = 10.05
2025-09-28 13:40:47,714 - DEBUG - findfont: score(FontEntry(fname='E:\\RasCalculator_SHIY\\.venv1\\Lib\\site-packages\\matplotlib\\mpl-data\\fonts\\ttf\\DejaVuSansMono-Oblique.ttf', name='DejaVu Sans Mono', style='oblique', variant='normal', weight=400, stretch='normal', size='scalable')) = 11.05
2025-09-28 13:40:47,714 - DEBUG - findfont: score(FontEntry(fname='E:\\RasCalculator_SHIY\\.venv1\\Lib\\site-packages\\matplotlib\\mpl-data\\fonts\\ttf\\STIXSizTwoSymBol.ttf', name='STIXSizeTwoSym', style='normal', variant='normal', weight=700, stretch='normal', size='scalable')) = 10.335
2025-09-28 13:40:47,714 - DEBUG - findfont: score(FontEntry(fname='E:\\RasCalculator_SHIY\\.venv1\\Lib\\site-packages\\matplotlib\\mpl-data\\fonts\\ttf\\cmss10.ttf', name='cmss10', style='normal', variant='normal', weight=400, stretch='normal', size='scalable')) = 10.05
2025-09-28 13:40:47,715 - DEBUG - findfont: score(FontEntry(fname='E:\\RasCalculator_SHIY\\.venv1\\Lib\\site-packages\\matplotlib\\mpl-data\\fonts\\ttf\\STIXSizOneSymBol.ttf', name='STIXSizeOneSym', style='normal', variant='normal', weight=700, stretch='normal', size='scalable')) = 10.335
2025-09-28 13:40:47,715 - DEBUG - findfont: score(FontEntry(fname='E:\\RasCalculator_SHIY\\.venv1\\Lib\\site-packages\\matplotlib\\mpl-data\\fonts\\ttf\\STIXSizThreeSymBol.ttf', name='STIXSizeThreeSym', style='normal', variant='normal', weight=700, stretch='normal', size='scalable')) = 10.335
2025-09-28 13:40:47,715 - DEBUG - findfont: score(FontEntry(fname='E:\\RasCalculator_SHIY\\.venv1\\Lib\\site-packages\\matplotlib\\mpl-data\\fonts\\ttf\\STIXNonUniBolIta.ttf', name='STIXNonUnicode', style='italic', variant='normal', weight=700, stretch='normal', size='scalable')) = 11.335
2025-09-28 13:40:47,715 - DEBUG - findfont: score(FontEntry(fname='E:\\RasCalculator_SHIY\\.venv1\\Lib\\site-packages\\matplotlib\\mpl-data\\fonts\\ttf\\STIXNonUniIta.ttf', name='STIXNonUnicode', style='italic', variant='normal', weight=400, stretch='normal', size='scalable')) = 11.05
2025-09-28 13:40:47,715 - DEBUG - findfont: score(FontEntry(fname='E:\\RasCalculator_SHIY\\.venv1\\Lib\\site-packages\\matplotlib\\mpl-data\\fonts\\ttf\\cmsy10.ttf', name='cmsy10', style='normal', variant='normal', weight=400, stretch='normal', size='scalable')) = 10.05
2025-09-28 13:40:47,715 - DEBUG - findfont: score(FontEntry(fname='E:\\RasCalculator_SHIY\\.venv1\\Lib\\site-packages\\matplotlib\\mpl-data\\fonts\\ttf\\STIXNonUniBol.ttf', name='STIXNonUnicode', style='normal', variant='normal', weight=700, stretch='normal', size='scalable')) = 10.335
2025-09-28 13:40:47,715 - DEBUG - findfont: score(FontEntry(fname='E:\\RasCalculator_SHIY\\.venv1\\Lib\\site-packages\\matplotlib\\mpl-data\\fonts\\ttf\\DejaVuSans.ttf', name='DejaVu Sans', style='normal', variant='normal', weight=400, stretch='normal', size='scalable')) = 0.05
2025-09-28 13:40:47,715 - DEBUG - findfont: score(FontEntry(fname='E:\\RasCalculator_SHIY\\.venv1\\Lib\\site-packages\\matplotlib\\mpl-data\\fonts\\ttf\\DejaVuSansMono.ttf', name='DejaVu Sans Mono', style='normal', variant='normal', weight=400, stretch='normal', size='scalable')) = 10.05
2025-09-28 13:40:47,716 - DEBUG - findfont: score(FontEntry(fname='E:\\RasCalculator_SHIY\\.venv1\\Lib\\site-packages\\matplotlib\\mpl-data\\fonts\\ttf\\STIXNonUni.ttf', name='STIXNonUnicode', style='normal', variant='normal', weight=400, stretch='normal', size='scalable')) = 10.05
2025-09-28 13:40:47,716 - DEBUG - findfont: score(FontEntry(fname='E:\\RasCalculator_SHIY\\.venv1\\Lib\\site-packages\\matplotlib\\mpl-data\\fonts\\ttf\\STIXGeneralBolIta.ttf', name='STIXGeneral', style='italic', variant='normal', weight=700, stretch='normal', size='scalable')) = 11.335
2025-09-28 13:40:47,716 - DEBUG - findfont: score(FontEntry(fname='E:\\RasCalculator_SHIY\\.venv1\\Lib\\site-packages\\matplotlib\\mpl-data\\fonts\\ttf\\DejaVuSerif-BoldItalic.ttf', name='DejaVu Serif', style='italic', variant='normal', weight=700, stretch='normal', size='scalable')) = 11.335
2025-09-28 13:40:47,716 - DEBUG - findfont: score(FontEntry(fname='E:\\RasCalculator_SHIY\\.venv1\\Lib\\site-packages\\matplotlib\\mpl-data\\fonts\\ttf\\STIXSizFiveSymReg.ttf', name='STIXSizeFiveSym', style='normal', variant='normal', weight=400, stretch='normal', size='scalable')) = 10.05
2025-09-28 13:40:47,716 - DEBUG - findfont: score(FontEntry(fname='E:\\RasCalculator_SHIY\\.venv1\\Lib\\site-packages\\matplotlib\\mpl-data\\fonts\\ttf\\DejaVuSans-Oblique.ttf', name='DejaVu Sans', style='oblique', variant='normal', weight=400, stretch='normal', size='scalable')) = 1.05
2025-09-28 13:40:47,716 - DEBUG - findfont: score(FontEntry(fname='E:\\RasCalculator_SHIY\\.venv1\\Lib\\site-packages\\matplotlib\\mpl-data\\fonts\\ttf\\cmb10.ttf', name='cmb10', style='normal', variant='normal', weight=400, stretch='normal', size='scalable')) = 10.05
2025-09-28 13:40:47,716 - DEBUG - findfont: score(FontEntry(fname='E:\\RasCalculator_SHIY\\.venv1\\Lib\\site-packages\\matplotlib\\mpl-data\\fonts\\ttf\\DejaVuSans-BoldOblique.ttf', name='DejaVu Sans', style='oblique', variant='normal', weight=700, stretch='normal', size='scalable')) = 1.335
2025-09-28 13:40:47,717 - DEBUG - findfont: score(FontEntry(fname='E:\\RasCalculator_SHIY\\.venv1\\Lib\\site-packages\\matplotlib\\mpl-data\\fonts\\ttf\\DejaVuSerif-Italic.ttf', name='DejaVu Serif', style='italic', variant='normal', weight=400, stretch='normal', size='scalable')) = 11.05
2025-09-28 13:40:47,717 - DEBUG - findfont: score(FontEntry(fname='E:\\RasCalculator_SHIY\\.venv1\\Lib\\site-packages\\matplotlib\\mpl-data\\fonts\\ttf\\STIXGeneralItalic.ttf', name='STIXGeneral', style='italic', variant='normal', weight=400, stretch='normal', size='scalable')) = 11.05
2025-09-28 13:40:47,717 - DEBUG - findfont: score(FontEntry(fname='E:\\RasCalculator_SHIY\\.venv1\\Lib\\site-packages\\matplotlib\\mpl-data\\fonts\\ttf\\STIXSizFourSymBol.ttf', name='STIXSizeFourSym', style='normal', variant='normal', weight=700, stretch='normal', size='scalable')) = 10.335
2025-09-28 13:40:47,717 - DEBUG - findfont: score(FontEntry(fname='E:\\RasCalculator_SHIY\\.venv1\\Lib\\site-packages\\matplotlib\\mpl-data\\fonts\\ttf\\cmmi10.ttf', name='cmmi10', style='normal', variant='normal', weight=400, stretch='normal', size='scalable')) = 10.05
2025-09-28 13:40:47,717 - DEBUG - findfont: score(FontEntry(fname='E:\\RasCalculator_SHIY\\.venv1\\Lib\\site-packages\\matplotlib\\mpl-data\\fonts\\ttf\\DejaVuSans-Bold.ttf', name='DejaVu Sans', style='normal', variant='normal', weight=700, stretch='normal', size='scalable')) = 0.33499999999999996
2025-09-28 13:40:47,718 - DEBUG - findfont: score(FontEntry(fname='E:\\RasCalculator_SHIY\\.venv1\\Lib\\site-packages\\matplotlib\\mpl-data\\fonts\\ttf\\DejaVuSerifDisplay.ttf', name='DejaVu Serif Display', style='normal', variant='normal', weight=400, stretch='normal', size='scalable')) = 10.05
2025-09-28 13:40:47,718 - DEBUG - findfont: score(FontEntry(fname='E:\\RasCalculator_SHIY\\.venv1\\Lib\\site-packages\\matplotlib\\mpl-data\\fonts\\ttf\\DejaVuSansMono-BoldOblique.ttf', name='DejaVu Sans Mono', style='oblique', variant='normal', weight=700, stretch='normal', size='scalable')) = 11.335
2025-09-28 13:40:47,718 - DEBUG - findfont: score(FontEntry(fname='C:\\Windows\\Fonts\\Candarab.ttf', name='Candara', style='normal', variant='normal', weight=700, stretch='normal', size='scalable')) = 10.335
2025-09-28 13:40:47,718 - DEBUG - findfont: score(FontEntry(fname='C:\\Windows\\Fonts\\YuGothL.ttc', name='Yu Gothic', style='normal', variant='normal', weight=300, stretch='normal', size='scalable')) = 10.145
2025-09-28 13:40:47,718 - DEBUG - findfont: score(FontEntry(fname='C:\\Windows\\Fonts\\GOTHICB.TTF', name='Century Gothic', style='normal', variant='normal', weight=700, stretch='normal', size='scalable')) = 10.335
2025-09-28 13:40:47,718 - DEBUG - findfont: score(FontEntry(fname='C:\\Windows\\Fonts\\AdobeNaskh-Medium.otf', name='Adobe Naskh', style='normal', variant='normal', weight=500, stretch='normal', size='scalable')) = 10.145
2025-09-28 13:40:47,719 - DEBUG - findfont: score(FontEntry(fname='C:\\Windows\\Fonts\\MyriadPro-BoldCondIt.otf', name='Myriad Pro', style='italic', variant='normal', weight=700, stretch='condensed', size='scalable')) = 11.535
2025-09-28 13:40:47,719 - DEBUG - findfont: score(FontEntry(fname='C:\\Windows\\Fonts\\BlackoakStd.otf', name='Blackoak Std', style='normal', variant='normal', weight=900, stretch='normal', size='scalable')) = 10.525
2025-09-28 13:40:47,719 - DEBUG - findfont: score(FontEntry(fname='C:\\Windows\\Fonts\\GARAIT.TTF', name='Garamond', style='italic', variant='normal', weight=400, stretch='normal', size='scalable')) = 11.05
2025-09-28 13:40:47,719 - DEBUG - findfont: score(FontEntry(fname='C:\\Windows\\Fonts\\MinionPro-It.otf', name='Minion Pro', style='italic', variant='normal', weight=400, stretch='normal', size='scalable')) = 11.05
2025-09-28 13:40:47,719 - DEBUG - findfont: score(FontEntry(fname='C:\\Windows\\Fonts\\KozGoPr6N-ExtraLight.otf', name='Kozuka Gothic Pr6N', style='normal', variant='normal', weight=250, stretch='normal', size='scalable')) = 10.1925
2025-09-28 13:40:47,719 - DEBUG - findfont: score(FontEntry(fname='C:\\Windows\\Fonts\\ebrimabd.ttf', name='Ebrima', style='normal', variant='normal', weight=700, stretch='normal', size='scalable')) = 10.335
2025-09-28 13:40:47,719 - DEBUG - findfont: score(FontEntry(fname='C:\\Windows\\Fonts\\Guitar Pro 5.ttf', name='Guitar Pro 5', style='normal', variant='normal', weight=400, stretch='normal', size='scalable')) = 10.05
2025-09-28 13:40:47,720 - DEBUG - findfont: score(FontEntry(fname='C:\\Windows\\Fonts\\javatext.ttf', name='Javanese Text', style='normal', variant='normal', weight=400, stretch='normal', size='scalable')) = 10.05
2025-09-28 13:40:47,720 - DEBUG - findfont: score(FontEntry(fname='C:\\Windows\\Fonts\\calibrib.ttf', name='Calibri', style='normal', variant='normal', weight=700, stretch='normal', size='scalable')) = 10.335
2025-09-28 13:40:47,720 - DEBUG - findfont: score(FontEntry(fname='C:\\Windows\\Fonts\\himalaya.ttf', name='Microsoft Himalaya', style='normal', variant='normal', weight=400, stretch='normal', size='scalable')) = 10.05
2025-09-28 13:40:47,720 - DEBUG - findfont: score(FontEntry(fname='C:\\Windows\\Fonts\\KozGoPro-Heavy.otf', name='Kozuka Gothic Pro', style='normal', variant='normal', weight=900, stretch='normal', size='scalable')) = 10.525
2025-09-28 13:40:47,720 - DEBUG - findfont: score(FontEntry(fname='C:\\Windows\\Fonts\\AdobeDevanagari-Bold.otf', name='Adobe Devanagari', style='normal', variant='normal', weight=700, stretch='normal', size='scalable')) = 10.335
2025-09-28 13:40:47,720 - DEBUG - findfont: score(FontEntry(fname='C:\\Windows\\Fonts\\AGaramondPro-Regular.otf', name='Adobe Garamond Pro', style='normal', variant='normal', weight=400, stretch='normal', size='scalable')) = 10.05
2025-09-28 13:40:47,720 - DEBUG - findfont: score(FontEntry(fname='C:\\Windows\\Fonts\\seguisbi.ttf', name='Segoe UI', style='italic', variant='normal', weight=600, stretch='normal', size='scalable')) = 11.24
2025-09-28 13:40:47,720 - DEBUG - findfont: score(FontEntry(fname='C:\\Windows\\Fonts\\MyriadArabic-Bold.otf', name='Myriad Arabic', style='normal', variant='normal', weight=700, stretch='normal', size='scalable')) = 10.335
2025-09-28 13:40:47,721 - DEBUG - findfont: score(FontEntry(fname='C:\\Windows\\Fonts\\MinionPro-MediumIt.otf', name='Minion Pro', style='italic', variant='normal', weight=500, stretch='normal', size='scalable')) = 11.145
2025-09-28 13:40:47,721 - DEBUG - findfont: score(FontEntry(fname='C:\\Windows\\Fonts\\AdobeDevanagari-BoldItalic.otf', name='Adobe Devanagari', style='italic', variant='normal', weight=700, stretch='normal', size='scalable')) = 11.335
2025-09-28 13:40:47,721 - DEBUG - findfont: score(FontEntry(fname='C:\\Windows\\Fonts\\gadugi.ttf', name='Gadugi', style='normal', variant='normal', weight=400, stretch='normal', size='scalable')) = 10.05
2025-09-28 13:40:47,721 - DEBUG - findfont: score(FontEntry(fname='C:\\Windows\\Fonts\\NuevaStd-BoldCond.otf', name='Nueva Std', style='normal', variant='normal', weight=700, stretch='condensed', size='scalable')) = 10.535
2025-09-28 13:40:47,721 - DEBUG - findfont: score(FontEntry(fname='C:\\Windows\\Fonts\\pala.ttf', name='Palatino Linotype', style='normal', variant='normal', weight=400, stretch='normal', size='scalable')) = 10.05
2025-09-28 13:40:47,721 - DEBUG - findfont: score(FontEntry(fname='C:\\Windows\\Fonts\\seguibl.ttf', name='Segoe UI', style='normal', variant='normal', weight=900, stretch='normal', size='scalable')) = 10.525
2025-09-28 13:40:47,722 - DEBUG - findfont: score(FontEntry(fname='C:\\Windows\\Fonts\\GOTHIC.TTF', name='Century Gothic', style='normal', variant='normal', weight=400, stretch='normal', size='scalable')) = 10.05
2025-09-28 13:40:47,722 - DEBUG - findfont: score(FontEntry(fname='C:\\Windows\\Fonts\\arialbi.ttf', name='Arial', style='italic', variant='normal', weight=700, stretch='normal', size='scalable')) = 7.698636363636363
2025-09-28 13:40:47,722 - DEBUG - findfont: score(FontEntry(fname='C:\\Windows\\Fonts\\msyhl.ttc', name='Microsoft YaHei', style='normal', variant='normal', weight=290, stretch='normal', size='scalable')) = 10.1545
2025-09-28 13:40:47,722 - DEBUG - findfont: score(FontEntry(fname='C:\\Windows\\Fonts\\trebucbd.ttf', name='Trebuchet MS', style='normal', variant='normal', weight=700, stretch='normal', size='scalable')) = 10.335
2025-09-28 13:40:47,722 - DEBUG - findfont: score(FontEntry(fname='C:\\Windows\\Fonts\\calibri.ttf', name='Calibri', style='normal', variant='normal', weight=400, stretch='normal', size='scalable')) = 10.05
2025-09-28 13:40:47,722 - DEBUG - findfont: score(FontEntry(fname='C:\\Windows\\Fonts\\ARIALNBI.TTF', name='Arial', style='italic', variant='normal', weight=700, stretch='condensed', size='scalable')) = 7.8986363636363635
2025-09-28 13:40:47,722 - DEBUG - findfont: score(FontEntry(fname='C:\\Windows\\Fonts\\ChaparralPro-Italic.otf', name='Chaparral Pro', style='italic', variant='normal', weight=400, stretch='normal', size='scalable')) = 11.05
2025-09-28 13:40:47,722 - DEBUG - findfont: score(FontEntry(fname='C:\\Windows\\Fonts\\TektonPro-Bold.otf', name='Tekton Pro', style='normal', variant='normal', weight=700, stretch='normal', size='scalable')) = 10.335
2025-09-28 13:40:47,723 - DEBUG - findfont: score(FontEntry(fname='C:\\Windows\\Fonts\\ntailub.ttf', name='Microsoft New Tai Lue', style='normal', variant='normal', weight=700, stretch='normal', size='scalable')) = 10.335
2025-09-28 13:40:47,723 - DEBUG - findfont: score(FontEntry(fname='C:\\Windows\\Fonts\\segoeuil.ttf', name='Segoe UI', style='normal', variant='normal', weight=300, stretch='normal', size='scalable')) = 10.145
2025-09-28 13:40:47,723 - DEBUG - findfont: score(FontEntry(fname='C:\\Windows\\Fonts\\ARIALN.TTF', name='Arial', style='normal', variant='normal', weight=400, stretch='condensed', size='scalable')) = 6.613636363636363
2025-09-28 13:40:47,723 - DEBUG - findfont: score(FontEntry(fname='C:\\Windows\\Fonts\\AGaramondPro-BoldItalic.otf', name='Adobe Garamond Pro', style='italic', variant='normal', weight=700, stretch='normal', size='scalable')) = 11.335
2025-09-28 13:40:47,723 - DEBUG - findfont: score(FontEntry(fname='C:\\Windows\\Fonts\\KozGoPro-Regular.otf', name='Kozuka Gothic Pro', style='normal', variant='normal', weight=400, stretch='normal', size='scalable')) = 10.05
2025-09-28 13:40:47,723 - DEBUG - findfont: score(FontEntry(fname='C:\\Windows\\Fonts\\cambriaz.ttf', name='Cambria', style='italic', variant='normal', weight=700, stretch='normal', size='scalable')) = 11.335
2025-09-28 13:40:47,723 - DEBUG - findfont: score(FontEntry(fname='C:\\Windows\\Fonts\\OCRAStd.otf', name='OCR A Std', style='normal', variant='normal', weight=400, stretch='normal', size='scalable')) = 10.05
2025-09-28 13:40:47,723 - DEBUG - findfont: score(FontEntry(fname='C:\\Windows\\Fonts\\MinionPro-SemiboldIt.otf', name='Minion Pro', style='italic', variant='normal', weight=600, stretch='normal', size='scalable')) = 11.24
2025-09-28 13:40:47,724 - DEBUG - findfont: score(FontEntry(fname='C:\\Windows\\Fonts\\GOST_B.TTF', name='GOST type B', style='normal', variant='normal', weight=400, stretch='normal', size='scalable')) = 10.05
2025-09-28 13:40:47,724 - DEBUG - findfont: score(FontEntry(fname='C:\\Windows\\Fonts\\lucon.ttf', name='Lucida Console', style='normal', variant='normal', weight=400, stretch='normal', size='scalable')) = 10.05
2025-09-28 13:40:47,724 - DEBUG - findfont: score(FontEntry(fname='C:\\Windows\\Fonts\\HoboStd.otf', name='Hobo Std', style='normal', variant='normal', weight=500, stretch='normal', size='scalable')) = 10.145
2025-09-28 13:40:47,724 - DEBUG - findfont: score(FontEntry(fname='C:\\Windows\\Fonts\\MyriadPro-Bold.otf', name='Myriad Pro', style='normal', variant='normal', weight=700, stretch='normal', size='scalable')) = 10.335
2025-09-28 13:40:47,724 - DEBUG - findfont: score(FontEntry(fname='C:\\Windows\\Fonts\\AdobeHeitiStd-Regular.otf', name='Adobe Heiti Std', style='normal', variant='normal', weight=400, stretch='normal', size='scalable')) = 10.05
2025-09-28 13:40:47,724 - DEBUG - findfont: score(FontEntry(fname='C:\\Windows\\Fonts\\MyriadArabic-BoldIt.otf', name='Myriad Arabic', style='italic', variant='normal', weight=700, stretch='normal', size='scalable')) = 11.335
2025-09-28 13:40:47,724 - DEBUG - findfont: score(FontEntry(fname='C:\\Windows\\Fonts\\seguiemj.ttf', name='Segoe UI Emoji', style='normal', variant='normal', weight=400, stretch='normal', size='scalable')) = 10.05
2025-09-28 13:40:47,724 - DEBUG - findfont: score(FontEntry(fname='C:\\Windows\\Fonts\\ChaparralPro-Regular.otf', name='Chaparral Pro', style='normal', variant='normal', weight=400, stretch='normal', size='scalable')) = 10.05
2025-09-28 13:40:47,725 - DEBUG - findfont: score(FontEntry(fname='C:\\Windows\\Fonts\\calibril.ttf', name='Calibri', style='normal', variant='normal', weight=300, stretch='normal', size='scalable')) = 10.145
2025-09-28 13:40:47,725 - DEBUG - findfont: score(FontEntry(fname='C:\\Windows\\Fonts\\comicbd.ttf', name='Comic Sans MS', style='normal', variant='normal', weight=700, stretch='normal', size='scalable')) = 10.335
2025-09-28 13:40:47,725 - DEBUG - findfont: score(FontEntry(fname='C:\\Windows\\Fonts\\MyriadPro-BoldIt.otf', name='Myriad Pro', style='italic', variant='normal', weight=700, stretch='normal', size='scalable')) = 11.335
2025-09-28 13:40:47,725 - DEBUG - findfont: score(FontEntry(fname='C:\\Windows\\Fonts\\GOST_A.TTF', name='GOST type A', style='normal', variant='normal', weight=400, stretch='normal', size='scalable')) = 10.05
2025-09-28 13:40:47,725 - DEBUG - findfont: score(FontEntry(fname='C:\\Windows\\Fonts\\BOOKOS.TTF', name='Bookman Old Style', style='normal', variant='normal', weight=300, stretch='normal', size='scalable')) = 10.145
2025-09-28 13:40:47,725 - DEBUG - findfont: score(FontEntry(fname='C:\\Windows\\Fonts\\arialbd.ttf', name='Arial', style='normal', variant='normal', weight=700, stretch='normal', size='scalable')) = 6.698636363636363
2025-09-28 13:40:47,725 - DEBUG - findfont: score(FontEntry(fname='C:\\Windows\\Fonts\\tahomabd.ttf', name='Tahoma', style='normal', variant='normal', weight=700, stretch='normal', size='scalable')) = 10.335
2025-09-28 13:40:47,726 - DEBUG - findfont: score(FontEntry(fname='C:\\Windows\\Fonts\\GOST_BU.ttf', name='GOST Type BU', style='normal', variant='normal', weight=400, stretch='normal', size='scalable')) = 10.05
2025-09-28 13:40:47,726 - DEBUG - findfont: score(FontEntry(fname='C:\\Windows\\Fonts\\Candarali.ttf', name='Candara', style='italic', variant='normal', weight=400, stretch='normal', size='scalable')) = 11.05
2025-09-28 13:40:47,726 - DEBUG - findfont: score(FontEntry(fname='C:\\Windows\\Fonts\\KozMinPr6N-Heavy.otf', name='Kozuka Mincho Pr6N', style='normal', variant='normal', weight=900, stretch='normal', size='scalable')) = 10.525
2025-09-28 13:40:47,726 - DEBUG - findfont: score(FontEntry(fname='C:\\Windows\\Fonts\\ACaslonPro-BoldItalic.otf', name='Adobe Caslon Pro', style='italic', variant='normal', weight=700, stretch='normal', size='scalable')) = 11.335
2025-09-28 13:40:47,726 - DEBUG - findfont: score(FontEntry(fname='C:\\Windows\\Fonts\\HATTEN.TTF', name='Haettenschweiler', style='normal', variant='normal', weight=400, stretch='normal', size='scalable')) = 10.05
2025-09-28 13:40:47,726 - DEBUG - findfont: score(FontEntry(fname='C:\\Windows\\Fonts\\MyriadHebrew-It.otf', name='Myriad Hebrew', style='italic', variant='normal', weight=400, stretch='normal', size='scalable')) = 11.05
2025-09-28 13:40:47,726 - DEBUG - findfont: score(FontEntry(fname='C:\\Windows\\Fonts\\Candaraz.ttf', name='Candara', style='italic', variant='normal', weight=700, stretch='normal', size='scalable')) = 11.335
2025-09-28 13:40:47,726 - DEBUG - findfont: score(FontEntry(fname='C:\\Windows\\Fonts\\KozMinPr6N-Bold.otf', name='Kozuka Mincho Pr6N', style='normal', variant='normal', weight=700, stretch='normal', size='scalable')) = 10.335
2025-09-28 13:40:47,726 - DEBUG - findfont: score(FontEntry(fname='C:\\Windows\\Fonts\\holomdl2.ttf', name='HoloLens MDL2 Assets', style='normal', variant='normal', weight=400, stretch='normal', size='scalable')) = 10.05
2025-09-28 13:40:47,726 - DEBUG - findfont: score(FontEntry(fname='C:\\Windows\\Fonts\\MinionPro-BoldIt.otf', name='Minion Pro', style='italic', variant='normal', weight=700, stretch='normal', size='scalable')) = 11.335
2025-09-28 13:40:47,726 - DEBUG - findfont: score(FontEntry(fname='C:\\Windows\\Fonts\\CENTURY.TTF', name='Century', style='normal', variant='normal', weight=400, stretch='normal', size='scalable')) = 10.05
2025-09-28 13:40:47,726 - DEBUG - findfont: score(FontEntry(fname='C:\\Windows\\Fonts\\AdobeFanHeitiStd-Bold.otf', name='Adobe Fan Heiti Std', style='normal', variant='normal', weight=600, stretch='normal', size='scalable')) = 10.24
2025-09-28 13:40:47,726 - DEBUG - findfont: score(FontEntry(fname='C:\\Windows\\Fonts\\MTCORSVA.TTF', name='Monotype Corsiva', style='normal', variant='normal', weight=400, stretch='normal', size='scalable')) = 10.05
2025-09-28 13:40:47,726 - DEBUG - findfont: score(FontEntry(fname='C:\\Windows\\Fonts\\NuevaStd-CondItalic.otf', name='Nueva Std', style='italic', variant='normal', weight=400, stretch='condensed', size='scalable')) = 11.25
2025-09-28 13:40:47,727 - DEBUG - findfont: score(FontEntry(fname='C:\\Windows\\Fonts\\verdana.ttf', name='Verdana', style='normal', variant='normal', weight=400, stretch='normal', size='scalable')) = 3.6863636363636365
2025-09-28 13:40:47,727 - DEBUG - findfont: score(FontEntry(fname='C:\\Windows\\Fonts\\AdobeHebrew-BoldItalic.otf', name='Adobe Hebrew', style='italic', variant='normal', weight=600, stretch='normal', size='scalable')) = 11.24
2025-09-28 13:40:47,727 - DEBUG - findfont: score(FontEntry(fname='C:\\Windows\\Fonts\\YuGothM.ttc', name='Yu Gothic', style='normal', variant='normal', weight=500, stretch='normal', size='scalable')) = 10.145
2025-09-28 13:40:47,727 - DEBUG - findfont: score(FontEntry(fname='C:\\Windows\\Fonts\\webdings.ttf', name='Webdings', style='normal', variant='normal', weight=400, stretch='normal', size='scalable')) = 10.05
2025-09-28 13:40:47,727 - DEBUG - findfont: score(FontEntry(fname='C:\\Windows\\Fonts\\MSUIGHUB.TTF', name='Microsoft Uighur', style='normal', variant='normal', weight=700, stretch='normal', size='scalable')) = 10.335
2025-09-28 13:40:47,727 - DEBUG - findfont: score(FontEntry(fname='C:\\Windows\\Fonts\\CascadiaCode.ttf', name='Cascadia Code', style='normal', variant='normal', weight=400, stretch='normal', size='scalable')) = 10.05
2025-09-28 13:40:47,727 - DEBUG - findfont: score(FontEntry(fname='C:\\Windows\\Fonts\\LetterGothicStd-Bold.otf', name='Letter Gothic Std', style='normal', variant='normal', weight=700, stretch='normal', size='scalable')) = 10.335
2025-09-28 13:40:47,728 - DEBUG - findfont: score(FontEntry(fname='C:\\Windows\\Fonts\\cambriab.ttf', name='Cambria', style='normal', variant='normal', weight=700, stretch='normal', size='scalable')) = 10.335
2025-09-28 13:40:47,728 - DEBUG - findfont: score(FontEntry(fname='C:\\Windows\\Fonts\\segoeuiz.ttf', name='Segoe UI', style='italic', variant='normal', weight=700, stretch='normal', size='scalable')) = 11.335
2025-09-28 13:40:47,728 - DEBUG - findfont: score(FontEntry(fname='C:\\Windows\\Fonts\\OUTLOOK.TTF', name='MS Outlook', style='normal', variant='normal', weight=400, stretch='normal', size='scalable')) = 10.05
2025-09-28 13:40:47,728 - DEBUG - findfont: score(FontEntry(fname='C:\\Windows\\Fonts\\segoepr.ttf', name='Segoe Print', style='normal', variant='normal', weight=400, stretch='normal', size='scalable')) = 10.05
2025-09-28 13:40:47,728 - DEBUG - findfont: score(FontEntry(fname='C:\\Windows\\Fonts\\cour.ttf', name='Courier New', style='normal', variant='normal', weight=400, stretch='normal', size='scalable')) = 10.05
2025-09-28 13:40:47,728 - DEBUG - findfont: score(FontEntry(fname='C:\\Windows\\Fonts\\calibrili.ttf', name='Calibri', style='italic', variant='normal', weight=300, stretch='normal', size='scalable')) = 11.145
2025-09-28 13:40:47,728 - DEBUG - findfont: score(FontEntry(fname='C:\\Windows\\Fonts\\KozGoPro-Medium.otf', name='Kozuka Gothic Pro', style='normal', variant='normal', weight=500, stretch='normal', size='scalable')) = 10.145
2025-09-28 13:40:47,728 - DEBUG - findfont: score(FontEntry(fname='C:\\Windows\\Fonts\\sylfaen.ttf', name='Sylfaen', style='normal', variant='normal', weight=400, stretch='normal', size='scalable')) = 10.05
2025-09-28 13:40:47,729 - DEBUG - findfont: score(FontEntry(fname='C:\\Windows\\Fonts\\OratorStd-Slanted.otf', name='Orator Std', style='italic', variant='normal', weight=400, stretch='normal', size='scalable')) = 11.05
2025-09-28 13:40:47,729 - DEBUG - findfont: score(FontEntry(fname='C:\\Windows\\Fonts\\corbel.ttf', name='Corbel', style='normal', variant='normal', weight=400, stretch='normal', size='scalable')) = 10.05
2025-09-28 13:40:47,729 - DEBUG - findfont: score(FontEntry(fname='C:\\Windows\\Fonts\\tahoma.ttf', name='Tahoma', style='normal', variant='normal', weight=400, stretch='normal', size='scalable')) = 10.05
2025-09-28 13:40:47,729 - DEBUG - findfont: score(FontEntry(fname='C:\\Windows\\Fonts\\NuevaStd-Italic.otf', name='Nueva Std', style='italic', variant='normal', weight=400, stretch='normal', size='scalable')) = 11.05
2025-09-28 13:40:47,729 - DEBUG - findfont: score(FontEntry(fname='C:\\Windows\\Fonts\\phagspab.ttf', name='Microsoft PhagsPa', style='normal', variant='normal', weight=700, stretch='normal', size='scalable')) = 10.335
2025-09-28 13:40:47,729 - DEBUG - findfont: score(FontEntry(fname='C:\\Windows\\Fonts\\SitkaI.ttc', name='Sitka Small', style='italic', variant='normal', weight=400, stretch='normal', size='scalable')) = 11.05
2025-09-28 13:40:47,729 - DEBUG - findfont: score(FontEntry(fname='C:\\Windows\\Fonts\\NirmalaS.ttf', name='Nirmala UI', style='normal', variant='normal', weight=350, stretch='normal', size='scalable')) = 10.0975
2025-09-28 13:40:47,729 - DEBUG - findfont: score(FontEntry(fname='C:\\Windows\\Fonts\\NuevaStd-Bold.otf', name='Nueva Std', style='normal', variant='normal', weight=700, stretch='normal', size='scalable')) = 10.335
2025-09-28 13:40:47,730 - DEBUG - findfont: score(FontEntry(fname='C:\\Windows\\Fonts\\ACaslonPro-SemiboldItalic.otf', name='Adobe Caslon Pro', style='italic', variant='normal', weight=600, stretch='normal', size='scalable')) = 11.24
2025-09-28 13:40:47,730 - DEBUG - findfont: score(FontEntry(fname='C:\\Windows\\Fonts\\SYMBOL_B.TTF', name='Symbol type B', style='normal', variant='normal', weight=400, stretch='normal', size='scalable')) = 10.05
2025-09-28 13:40:47,730 - DEBUG - findfont: score(FontEntry(fname='C:\\Windows\\Fonts\\segoesc.ttf', name='Segoe Script', style='normal', variant='normal', weight=400, stretch='normal', size='scalable')) = 10.05
2025-09-28 13:40:47,730 - DEBUG - findfont: score(FontEntry(fname='C:\\Windows\\Fonts\\Candara.ttf', name='Candara', style='normal', variant='normal', weight=400, stretch='normal', size='scalable')) = 10.05
2025-09-28 13:40:47,730 - DEBUG - findfont: score(FontEntry(fname='C:\\Windows\\Fonts\\DUBAI-MEDIUM.TTF', name='Dubai', style='normal', variant='normal', weight=500, stretch='normal', size='scalable')) = 10.145
2025-09-28 13:40:47,730 - DEBUG - findfont: score(FontEntry(fname='C:\\Windows\\Fonts\\simsun.ttc', name='SimSun', style='normal', variant='normal', weight=400, stretch='normal', size='scalable')) = 10.05
2025-09-28 13:40:47,730 - DEBUG - findfont: score(FontEntry(fname='C:\\Windows\\Fonts\\PrestigeEliteStd-Bd.otf', name='Prestige Elite Std', style='normal', variant='normal', weight=700, stretch='normal', size='scalable')) = 10.335
2025-09-28 13:40:47,730 - DEBUG - findfont: score(FontEntry(fname='C:\\Windows\\Fonts\\malgun.ttf', name='Malgun Gothic', style='normal', variant='normal', weight=400, stretch='normal', size='scalable')) = 10.05
2025-09-28 13:40:47,731 - DEBUG - findfont: score(FontEntry(fname='C:\\Windows\\Fonts\\constani.ttf', name='Constantia', style='italic', variant='normal', weight=400, stretch='normal', size='scalable')) = 11.05
2025-09-28 13:40:47,731 - DEBUG - findfont: score(FontEntry(fname='C:\\Windows\\Fonts\\GiddyupStd.otf', name='Giddyup Std', style='normal', variant='normal', weight=400, stretch='normal', size='scalable')) = 10.05
2025-09-28 13:40:47,731 - DEBUG - findfont: score(FontEntry(fname='C:\\Windows\\Fonts\\RosewoodStd-Regular.otf', name='Rosewood Std', style='normal', variant='normal', weight=700, stretch='normal', size='scalable')) = 10.335
2025-09-28 13:40:47,731 - DEBUG - findfont: score(FontEntry(fname='C:\\Windows\\Fonts\\consola.ttf', name='Consolas', style='normal', variant='normal', weight=400, stretch='normal', size='scalable')) = 10.05
2025-09-28 13:40:47,731 - DEBUG - findfont: score(FontEntry(fname='C:\\Windows\\Fonts\\cambriai.ttf', name='Cambria', style='italic', variant='normal', weight=400, stretch='normal', size='scalable')) = 11.05
2025-09-28 13:40:47,732 - DEBUG - findfont: score(FontEntry(fname='C:\\Windows\\Fonts\\TektonPro-BoldObl.otf', name='Tekton Pro', style='oblique', variant='normal', weight=700, stretch='normal', size='scalable')) = 11.335
2025-09-28 13:40:47,732 - DEBUG - findfont: score(FontEntry(fname='C:\\Windows\\Fonts\\Sitka.ttc', name='Sitka Small', style='normal', variant='normal', weight=400, stretch='normal', size='scalable')) = 10.05
2025-09-28 13:40:47,732 - DEBUG - findfont: score(FontEntry(fname='C:\\Windows\\Fonts\\taile.ttf', name='Microsoft Tai Le', style='normal', variant='normal', weight=400, stretch='normal', size='scalable')) = 10.05
2025-09-28 13:40:47,732 - DEBUG - findfont: score(FontEntry(fname='C:\\Windows\\Fonts\\AdobeHebrew-Italic.otf', name='Adobe Hebrew', style='italic', variant='normal', weight=400, stretch='normal', size='scalable')) = 11.05
2025-09-28 13:40:47,732 - DEBUG - findfont: score(FontEntry(fname='C:\\Windows\\Fonts\\georgiai.ttf', name='Georgia', style='italic', variant='normal', weight=400, stretch='normal', size='scalable')) = 11.05
2025-09-28 13:40:47,732 - DEBUG - findfont: score(FontEntry(fname='C:\\Windows\\Fonts\\georgiab.ttf', name='Georgia', style='normal', variant='normal', weight=700, stretch='normal', size='scalable')) = 10.335
2025-09-28 13:40:47,732 - DEBUG - findfont: score(FontEntry(fname='C:\\Windows\\Fonts\\TrajanPro-Regular.otf', name='Trajan Pro', style='normal', variant='normal', weight=400, stretch='normal', size='scalable')) = 10.05
2025-09-28 13:40:47,733 - DEBUG - findfont: score(FontEntry(fname='C:\\Windows\\Fonts\\MTEXTRA.TTF', name='MT Extra', style='normal', variant='normal', weight=400, stretch='normal', size='scalable')) = 10.05
2025-09-28 13:40:47,733 - DEBUG - findfont: score(FontEntry(fname='C:\\Windows\\Fonts\\MSUIGHUR.TTF', name='Microsoft Uighur', style='normal', variant='normal', weight=400, stretch='normal', size='scalable')) = 10.05
2025-09-28 13:40:47,733 - DEBUG - findfont: score(FontEntry(fname='C:\\Windows\\Fonts\\AdobeArabic-Bold.otf', name='Adobe Arabic', style='normal', variant='normal', weight=700, stretch='normal', size='scalable')) = 10.335
2025-09-28 13:40:47,733 - DEBUG - findfont: score(FontEntry(fname='C:\\Windows\\Fonts\\MyriadHebrew-BoldIt.otf', name='Myriad Hebrew', style='italic', variant='normal', weight=700, stretch='normal', size='scalable')) = 11.335
2025-09-28 13:40:47,733 - DEBUG - findfont: score(FontEntry(fname='C:\\Windows\\Fonts\\seguihis.ttf', name='Segoe UI Historic', style='normal', variant='normal', weight=400, stretch='normal', size='scalable')) = 10.05
2025-09-28 13:40:47,733 - DEBUG - findfont: score(FontEntry(fname='C:\\Windows\\Fonts\\DUBAI-REGULAR.TTF', name='Dubai', style='normal', variant='normal', weight=400, stretch='normal', size='scalable')) = 10.05
2025-09-28 13:40:47,733 - DEBUG - findfont: score(FontEntry(fname='C:\\Windows\\Fonts\\KozMinPr6N-Regular.otf', name='Kozuka Mincho Pr6N', style='normal', variant='normal', weight=400, stretch='normal', size='scalable')) = 10.05
2025-09-28 13:40:47,733 - DEBUG - findfont: score(FontEntry(fname='C:\\Windows\\Fonts\\georgia.ttf', name='Georgia', style='normal', variant='normal', weight=400, stretch='normal', size='scalable')) = 10.05
2025-09-28 13:40:47,734 - DEBUG - findfont: score(FontEntry(fname='C:\\Windows\\Fonts\\AdobeSongStd-Light.otf', name='Adobe Song Std', style='normal', variant='normal', weight=300, stretch='normal', size='scalable')) = 10.145
2025-09-28 13:40:47,734 - DEBUG - findfont: score(FontEntry(fname='C:\\Windows\\Fonts\\BirchStd.otf', name='Birch Std', style='normal', variant='normal', weight=400, stretch='normal', size='scalable')) = 10.05
2025-09-28 13:40:47,734 - DEBUG - findfont: score(FontEntry(fname='C:\\Windows\\Fonts\\GARA.TTF', name='Garamond', style='normal', variant='normal', weight=400, stretch='normal', size='scalable')) = 10.05
2025-09-28 13:40:47,734 - DEBUG - findfont: score(FontEntry(fname='C:\\Windows\\Fonts\\WINGDNG2.TTF', name='Wingdings 2', style='normal', variant='normal', weight=400, stretch='normal', size='scalable')) = 10.05
2025-09-28 13:40:47,734 - DEBUG - findfont: score(FontEntry(fname='C:\\Windows\\Fonts\\constan.ttf', name='Constantia', style='normal', variant='normal', weight=400, stretch='normal', size='scalable')) = 10.05
2025-09-28 13:40:47,734 - DEBUG - findfont: score(FontEntry(fname='C:\\Windows\\Fonts\\YuGothB.ttc', name='Yu Gothic', style='normal', variant='normal', weight=700, stretch='normal', size='scalable')) = 10.335
2025-09-28 13:40:47,734 - DEBUG - findfont: score(FontEntry(fname='C:\\Windows\\Fonts\\palai.ttf', name='Palatino Linotype', style='italic', variant='normal', weight=400, stretch='normal', size='scalable')) = 11.05
2025-09-28 13:40:47,735 - DEBUG - findfont: score(FontEntry(fname='C:\\Windows\\Fonts\\ariali.ttf', name='Arial', style='italic', variant='normal', weight=400, stretch='normal', size='scalable')) = 7.413636363636363
2025-09-28 13:40:47,735 - DEBUG - findfont: score(FontEntry(fname='C:\\Windows\\Fonts\\mmrtext.ttf', name='Myanmar Text', style='normal', variant='normal', weight=400, stretch='normal', size='scalable')) = 10.05
2025-09-28 13:40:47,735 - DEBUG - findfont: score(FontEntry(fname='C:\\Windows\\Fonts\\ANTQUABI.TTF', name='Book Antiqua', style='italic', variant='normal', weight=700, stretch='normal', size='scalable')) = 11.335
2025-09-28 13:40:47,735 - DEBUG - findfont: score(FontEntry(fname='C:\\Windows\\Fonts\\BSSYM7.TTF', name='Bookshelf Symbol 7', style='normal', variant='normal', weight=400, stretch='normal', size='scalable')) = 10.05
2025-09-28 13:40:47,735 - DEBUG - findfont: score(FontEntry(fname='C:\\Windows\\Fonts\\AdobeDevanagari-Italic.otf', name='Adobe Devanagari', style='italic', variant='normal', weight=400, stretch='normal', size='scalable')) = 11.05
2025-09-28 13:40:47,735 - DEBUG - findfont: score(FontEntry(fname='C:\\Windows\\Fonts\\segoeprb.ttf', name='Segoe Print', style='normal', variant='normal', weight=700, stretch='normal', size='scalable')) = 10.335
2025-09-28 13:40:47,735 - DEBUG - findfont: score(FontEntry(fname='C:\\Windows\\Fonts\\monbaiti.ttf', name='Mongolian Baiti', style='normal', variant='normal', weight=400, stretch='normal', size='scalable')) = 10.05
2025-09-28 13:40:47,736 - DEBUG - findfont: score(FontEntry(fname='C:\\Windows\\Fonts\\SitkaB.ttc', name='Sitka Small', style='normal', variant='normal', weight=700, stretch='normal', size='scalable')) = 10.335
2025-09-28 13:40:47,736 - DEBUG - findfont: score(FontEntry(fname='C:\\Windows\\Fonts\\ACaslonPro-Bold.otf', name='Adobe Caslon Pro', style='normal', variant='normal', weight=700, stretch='normal', size='scalable')) = 10.335
2025-09-28 13:40:47,736 - DEBUG - findfont: score(FontEntry(fname='C:\\Windows\\Fonts\\segoeui.ttf', name='Segoe UI', style='normal', variant='normal', weight=400, stretch='normal', size='scalable')) = 10.05
2025-09-28 13:40:47,736 - DEBUG - findfont: score(FontEntry(fname='C:\\Windows\\Fonts\\BrushScriptStd.otf', name='Brush Script Std', style='normal', variant='normal', weight=500, stretch='normal', size='scalable')) = 10.145
2025-09-28 13:40:47,736 - DEBUG - findfont: score(FontEntry(fname='C:\\Windows\\Fonts\\MinionPro-Regular.otf', name='Minion Pro', style='normal', variant='normal', weight=400, stretch='normal', size='scalable')) = 10.05
2025-09-28 13:40:47,736 - DEBUG - findfont: score(FontEntry(fname='C:\\Program Files (x86)\\Adobe\\Acrobat DC\\Resource\\Font\\AdobeDevanagari-BoldItalic.otf', name='Adobe Devanagari', style='italic', variant='normal', weight=700, stretch='normal', size='scalable')) = 11.335
2025-09-28 13:40:47,736 - DEBUG - findfont: score(FontEntry(fname='C:\\Windows\\Fonts\\calibriz.ttf', name='Calibri', style='italic', variant='normal', weight=700, stretch='normal', size='scalable')) = 11.335
2025-09-28 13:40:47,737 - DEBUG - findfont: score(FontEntry(fname='C:\\Windows\\Fonts\\MyriadArabic-It.otf', name='Myriad Arabic', style='italic', variant='normal', weight=400, stretch='normal', size='scalable')) = 11.05
2025-09-28 13:40:47,737 - DEBUG - findfont: score(FontEntry(fname='C:\\Windows\\Fonts\\mingliub.ttc', name='MingLiU-ExtB', style='normal', variant='normal', weight=400, stretch='normal', size='scalable')) = 10.05
2025-09-28 13:40:47,737 - DEBUG - findfont: score(FontEntry(fname='C:\\Windows\\Fonts\\courbd.ttf', name='Courier New', style='normal', variant='normal', weight=700, stretch='normal', size='scalable')) = 10.335
2025-09-28 13:40:47,737 - DEBUG - findfont: score(FontEntry(fname='C:\\Windows\\Fonts\\MyriadPro-Semibold.otf', name='Myriad Pro', style='normal', variant='normal', weight=600, stretch='normal', size='scalable')) = 10.24
2025-09-28 13:40:47,737 - DEBUG - findfont: score(FontEntry(fname='C:\\Windows\\Fonts\\DUBAI-BOLD.TTF', name='Dubai', style='normal', variant='normal', weight=700, stretch='normal', size='scalable')) = 10.335
2025-09-28 13:40:47,737 - DEBUG - findfont: score(FontEntry(fname='C:\\Windows\\Fonts\\corbell.ttf', name='Corbel', style='normal', variant='normal', weight=300, stretch='normal', size='scalable')) = 10.145
2025-09-28 13:40:47,737 - DEBUG - findfont: score(FontEntry(fname='C:\\Windows\\Fonts\\l_10646.ttf', name='Lucida Sans Unicode', style='normal', variant='normal', weight=400, stretch='normal', size='scalable')) = 10.05
2025-09-28 13:40:47,737 - DEBUG - findfont: score(FontEntry(fname='C:\\Windows\\Fonts\\MinionPro-Bold.otf', name='Minion Pro', style='normal', variant='normal', weight=700, stretch='normal', size='scalable')) = 10.335
2025-09-28 13:40:47,738 - DEBUG - findfont: score(FontEntry(fname='C:\\Windows\\Fonts\\palabi.ttf', name='Palatino Linotype', style='italic', variant='normal', weight=700, stretch='normal', size='scalable')) = 11.335
2025-09-28 13:40:47,738 - DEBUG - findfont: score(FontEntry(fname='C:\\Windows\\Fonts\\mvboli.ttf', name='MV Boli', style='normal', variant='normal', weight=400, stretch='normal', size='scalable')) = 10.05
2025-09-28 13:40:47,738 - DEBUG - findfont: score(FontEntry(fname='C:\\Windows\\Fonts\\SitkaZ.ttc', name='Sitka Small', style='italic', variant='normal', weight=700, stretch='normal', size='scalable')) = 11.335
2025-09-28 13:40:47,738 - DEBUG - findfont: score(FontEntry(fname='C:\\Windows\\Fonts\\AGaramondPro-Italic.otf', name='Adobe Garamond Pro', style='italic', variant='normal', weight=400, stretch='normal', size='scalable')) = 11.05
2025-09-28 13:40:47,738 - DEBUG - findfont: score(FontEntry(fname='C:\\Windows\\Fonts\\MyriadPro-BoldCond.otf', name='Myriad Pro', style='normal', variant='normal', weight=700, stretch='condensed', size='scalable')) = 10.535
2025-09-28 13:40:47,738 - DEBUG - findfont: score(FontEntry(fname='C:\\Windows\\Fonts\\ACaslonPro-Regular.otf', name='Adobe Caslon Pro', style='normal', variant='normal', weight=400, stretch='normal', size='scalable')) = 10.05
2025-09-28 13:40:47,738 - DEBUG - findfont: score(FontEntry(fname='C:\\Windows\\Fonts\\seguisli.ttf', name='Segoe UI', style='italic', variant='normal', weight=350, stretch='normal', size='scalable')) = 11.0975
2025-09-28 13:40:47,739 - DEBUG - findfont: score(FontEntry(fname='C:\\Windows\\Fonts\\DUBAI-LIGHT.TTF', name='Dubai', style='normal', variant='normal', weight=300, stretch='normal', size='scalable')) = 10.145
2025-09-28 13:40:47,739 - DEBUG - findfont: score(FontEntry(fname='C:\\Windows\\Fonts\\ARIALNB.TTF', name='Arial', style='normal', variant='normal', weight=700, stretch='condensed', size='scalable')) = 6.8986363636363635
2025-09-28 13:40:47,739 - DEBUG - findfont: score(FontEntry(fname='C:\\Windows\\Fonts\\CharlemagneStd-Bold.otf', name='Charlemagne Std', style='normal', variant='normal', weight=700, stretch='normal', size='scalable')) = 10.335
2025-09-28 13:40:47,739 - DEBUG - findfont: score(FontEntry(fname='C:\\Windows\\Fonts\\ariblk.ttf', name='Arial', style='normal', variant='normal', weight=900, stretch='normal', size='scalable')) = 6.888636363636364
2025-09-28 13:40:47,739 - DEBUG - findfont: score(FontEntry(fname='C:\\Windows\\Fonts\\StencilStd.otf', name='Stencil Std', style='normal', variant='normal', weight=700, stretch='normal', size='scalable')) = 10.335
2025-09-28 13:40:47,739 - DEBUG - findfont: score(FontEntry(fname='C:\\Windows\\Fonts\\MyriadPro-It.otf', name='Myriad Pro', style='italic', variant='normal', weight=400, stretch='normal', size='scalable')) = 11.05
2025-09-28 13:40:47,739 - DEBUG - findfont: score(FontEntry(fname='C:\\Windows\\Fonts\\MyriadPro-CondIt.otf', name='Myriad Pro', style='italic', variant='normal', weight=400, stretch='condensed', size='scalable')) = 11.25
2025-09-28 13:40:47,739 - DEBUG - findfont: score(FontEntry(fname='C:\\Windows\\Fonts\\segoeuisl.ttf', name='Segoe UI', style='normal', variant='normal', weight=350, stretch='normal', size='scalable')) = 10.0975
2025-09-28 13:40:47,740 - DEBUG - findfont: score(FontEntry(fname='C:\\Windows\\Fonts\\corbelz.ttf', name='Corbel', style='italic', variant='normal', weight=700, stretch='normal', size='scalable')) = 11.335
2025-09-28 13:40:47,740 - DEBUG - findfont: score(FontEntry(fname='C:\\Windows\\Fonts\\KozGoPr6N-Heavy.otf', name='Kozuka Gothic Pr6N', style='normal', variant='normal', weight=900, stretch='normal', size='scalable')) = 10.525
2025-09-28 13:40:47,740 - DEBUG - findfont: score(FontEntry(fname='C:\\Windows\\Fonts\\arial.ttf', name='Arial', style='normal', variant='normal', weight=400, stretch='normal', size='scalable')) = 6.413636363636363
2025-09-28 13:40:47,740 - DEBUG - findfont: score(FontEntry(fname='C:\\Windows\\Fonts\\KozMinPro-Medium.otf', name='Kozuka Mincho Pro', style='normal', variant='normal', weight=500, stretch='normal', size='scalable')) = 10.145
2025-09-28 13:40:47,740 - DEBUG - findfont: score(FontEntry(fname='C:\\Windows\\Fonts\\AloisenNew.TTF', name='Aloisen New', style='normal', variant='normal', weight=400, stretch='normal', size='scalable')) = 10.05
2025-09-28 13:40:47,740 - DEBUG - findfont: score(FontEntry(fname='C:\\Windows\\Fonts\\segoeuii.ttf', name='Segoe UI', style='italic', variant='normal', weight=400, stretch='normal', size='scalable')) = 11.05
2025-09-28 13:40:47,740 - DEBUG - findfont: score(FontEntry(fname='C:\\Windows\\Fonts\\msjhbd.ttc', name='Microsoft JhengHei', style='normal', variant='normal', weight=700, stretch='normal', size='scalable')) = 10.335
2025-09-28 13:40:47,741 - DEBUG - findfont: score(FontEntry(fname='C:\\Windows\\Fonts\\KozGoPro-Bold.otf', name='Kozuka Gothic Pro', style='normal', variant='normal', weight=700, stretch='normal', size='scalable')) = 10.335
2025-09-28 13:40:47,741 - DEBUG - findfont: score(FontEntry(fname='C:\\Windows\\Fonts\\malgunsl.ttf', name='Malgun Gothic', style='normal', variant='normal', weight=300, stretch='normal', size='scalable')) = 10.145
2025-09-28 13:40:47,741 - DEBUG - findfont: score(FontEntry(fname='C:\\Windows\\Fonts\\consolaz.ttf', name='Consolas', style='italic', variant='normal', weight=700, stretch='normal', size='scalable')) = 11.335
2025-09-28 13:40:47,741 - DEBUG - findfont: score(FontEntry(fname='C:\\Windows\\Fonts\\Candaral.ttf', name='Candara', style='normal', variant='normal', weight=400, stretch='normal', size='scalable')) = 10.05
2025-09-28 13:40:47,741 - DEBUG - findfont: score(FontEntry(fname='C:\\Windows\\Fonts\\segoescb.ttf', name='Segoe Script', style='normal', variant='normal', weight=700, stretch='normal', size='scalable')) = 10.335
2025-09-28 13:40:47,741 - DEBUG - findfont: score(FontEntry(fname='C:\\Windows\\Fonts\\simsunb.ttf', name='SimSun-ExtB', style='normal', variant='normal', weight=400, stretch='normal', size='scalable')) = 10.05
2025-09-28 13:40:47,741 - DEBUG - findfont: score(FontEntry(fname='C:\\Windows\\Fonts\\LEELAWAD.TTF', name='Leelawadee', style='normal', variant='normal', weight=400, stretch='normal', size='scalable')) = 10.05
2025-09-28 13:40:47,741 - DEBUG - findfont: score(FontEntry(fname='C:\\Windows\\Fonts\\timesbd.ttf', name='Times New Roman', style='normal', variant='normal', weight=700, stretch='normal', size='scalable')) = 10.335
2025-09-28 13:40:47,742 - DEBUG - findfont: score(FontEntry(fname='C:\\Windows\\Fonts\\trebuc.ttf', name='Trebuchet MS', style='normal', variant='normal', weight=400, stretch='normal', size='scalable')) = 10.05
2025-09-28 13:40:47,742 - DEBUG - findfont: score(FontEntry(fname='C:\\Windows\\Fonts\\comicz.ttf', name='Comic Sans MS', style='italic', variant='normal', weight=700, stretch='normal', size='scalable')) = 11.335
2025-09-28 13:40:47,742 - DEBUG - findfont: score(FontEntry(fname='C:\\Program Files (x86)\\Adobe\\Acrobat DC\\Resource\\Font\\AdobeDevanagari-Regular.otf', name='Adobe Devanagari', style='normal', variant='normal', weight=400, stretch='normal', size='scalable')) = 10.05
2025-09-28 13:40:47,742 - DEBUG - findfont: score(FontEntry(fname='C:\\Windows\\Fonts\\micross.ttf', name='Microsoft Sans Serif', style='normal', variant='normal', weight=400, stretch='normal', size='scalable')) = 10.05
2025-09-28 13:40:47,742 - DEBUG - findfont: score(FontEntry(fname='C:\\Windows\\Fonts\\AdobeKaitiStd-Regular.otf', name='Adobe Kaiti Std', style='normal', variant='normal', weight=400, stretch='normal', size='scalable')) = 10.05
2025-09-28 13:40:47,742 - DEBUG - findfont: score(FontEntry(fname='C:\\Windows\\Fonts\\ARIALNI.TTF', name='Arial', style='italic', variant='normal', weight=400, stretch='condensed', size='scalable')) = 7.613636363636363
2025-09-28 13:40:47,742 - DEBUG - findfont: score(FontEntry(fname='C:\\Windows\\Fonts\\times.ttf', name='Times New Roman', style='normal', variant='normal', weight=400, stretch='normal', size='scalable')) = 10.05
2025-09-28 13:40:47,742 - DEBUG - findfont: score(FontEntry(fname='C:\\Windows\\Fonts\\TektonPro-BoldExt.otf', name='Tekton Pro', style='normal', variant='normal', weight=700, stretch='expanded', size='scalable')) = 10.535
2025-09-28 13:40:47,743 - DEBUG - findfont: score(FontEntry(fname='C:\\Windows\\Fonts\\GARABD.TTF', name='Garamond', style='normal', variant='normal', weight=700, stretch='normal', size='scalable')) = 10.335
2025-09-28 13:40:47,743 - DEBUG - findfont: score(FontEntry(fname='C:\\Windows\\Fonts\\KozMinPro-Light.otf', name='Kozuka Mincho Pro', style='normal', variant='normal', weight=300, stretch='normal', size='scalable')) = 10.145
2025-09-28 13:40:47,743 - DEBUG - findfont: score(FontEntry(fname='C:\\Windows\\Fonts\\consolab.ttf', name='Consolas', style='normal', variant='normal', weight=700, stretch='normal', size='scalable')) = 10.335
2025-09-28 13:40:47,743 - DEBUG - findfont: score(FontEntry(fname='C:\\Windows\\Fonts\\comici.ttf', name='Comic Sans MS', style='italic', variant='normal', weight=400, stretch='normal', size='scalable')) = 11.05
2025-09-28 13:40:47,743 - DEBUG - findfont: score(FontEntry(fname='C:\\Windows\\Fonts\\AdobeArabic-Italic.otf', name='Adobe Arabic', style='italic', variant='normal', weight=400, stretch='normal', size='scalable')) = 11.05
2025-09-28 13:40:47,743 - DEBUG - findfont: score(FontEntry(fname='C:\\Windows\\Fonts\\comic.ttf', name='Comic Sans MS', style='normal', variant='normal', weight=400, stretch='normal', size='scalable')) = 10.05
2025-09-28 13:40:47,743 - DEBUG - findfont: score(FontEntry(fname='C:\\Windows\\Fonts\\ACaslonPro-Semibold.otf', name='Adobe Caslon Pro', style='normal', variant='normal', weight=600, stretch='normal', size='scalable')) = 10.24
2025-09-28 13:40:47,744 - DEBUG - findfont: score(FontEntry(fname='C:\\Windows\\Fonts\\wingding.ttf', name='Wingdings', style='normal', variant='normal', weight=400, stretch='normal', size='scalable')) = 10.05
2025-09-28 13:40:47,744 - DEBUG - findfont: score(FontEntry(fname='C:\\Windows\\Fonts\\AdobeDevanagari-Regular.otf', name='Adobe Devanagari', style='normal', variant='normal', weight=400, stretch='normal', size='scalable')) = 10.05
2025-09-28 13:40:47,744 - DEBUG - findfont: score(FontEntry(fname='C:\\Windows\\Fonts\\mmrtextb.ttf', name='Myanmar Text', style='normal', variant='normal', weight=700, stretch='normal', size='scalable')) = 10.335
2025-09-28 13:40:47,744 - DEBUG - findfont: score(FontEntry(fname='C:\\Windows\\Fonts\\GOST_AU.ttf', name='GOST Type AU', style='normal', variant='normal', weight=400, stretch='normal', size='scalable')) = 10.05
2025-09-28 13:40:47,744 - DEBUG - findfont: score(FontEntry(fname='C:\\Program Files (x86)\\Adobe\\Acrobat DC\\Resource\\Font\\AdobeDevanagari-Italic.otf', name='Adobe Devanagari', style='italic', variant='normal', weight=400, stretch='normal', size='scalable')) = 11.05
2025-09-28 13:40:47,744 - DEBUG - findfont: score(FontEntry(fname='C:\\Windows\\Fonts\\taileb.ttf', name='Microsoft Tai Le', style='normal', variant='normal', weight=700, stretch='normal', size='scalable')) = 10.335
2025-09-28 13:40:47,745 - DEBUG - findfont: score(FontEntry(fname='C:\\Windows\\Fonts\\MyriadArabic-Regular.otf', name='Myriad Arabic', style='normal', variant='normal', weight=400, stretch='normal', size='scalable')) = 10.05
2025-09-28 13:40:47,745 - DEBUG - findfont: score(FontEntry(fname='C:\\Windows\\Fonts\\BOOKOSBI.TTF', name='Bookman Old Style', style='italic', variant='normal', weight=600, stretch='normal', size='scalable')) = 11.24
2025-09-28 13:40:47,745 - DEBUG - findfont: score(FontEntry(fname='C:\\Windows\\Fonts\\palab.ttf', name='Palatino Linotype', style='normal', variant='normal', weight=700, stretch='normal', size='scalable')) = 10.335
2025-09-28 13:40:47,745 - DEBUG - findfont: score(FontEntry(fname='C:\\Windows\\Fonts\\NuevaStd-BoldCondItalic.otf', name='Nueva Std', style='italic', variant='normal', weight=700, stretch='condensed', size='scalable')) = 11.535
2025-09-28 13:40:47,745 - DEBUG - findfont: score(FontEntry(fname='C:\\Windows\\Fonts\\trebucbi.ttf', name='Trebuchet MS', style='italic', variant='normal', weight=700, stretch='normal', size='scalable')) = 11.335
2025-09-28 13:40:47,745 - DEBUG - findfont: score(FontEntry(fname='C:\\Windows\\Fonts\\YuGothR.ttc', name='Yu Gothic', style='normal', variant='normal', weight=400, stretch='normal', size='scalable')) = 10.05
2025-09-28 13:40:47,745 - DEBUG - findfont: score(FontEntry(fname='C:\\Windows\\Fonts\\Nirmala.ttf', name='Nirmala UI', style='normal', variant='normal', weight=400, stretch='normal', size='scalable')) = 10.05
2025-09-28 13:40:47,745 - DEBUG - findfont: score(FontEntry(fname='C:\\Windows\\Fonts\\seguisym.ttf', name='Segoe UI Symbol', style='normal', variant='normal', weight=400, stretch='normal', size='scalable')) = 10.05
2025-09-28 13:40:47,746 - DEBUG - findfont: score(FontEntry(fname='C:\\Windows\\Fonts\\KozGoPro-ExtraLight.otf', name='Kozuka Gothic Pro', style='normal', variant='normal', weight=250, stretch='normal', size='scalable')) = 10.1925
2025-09-28 13:40:47,746 - DEBUG - findfont: score(FontEntry(fname='C:\\Windows\\Fonts\\msgothic.ttc', name='MS Gothic', style='normal', variant='normal', weight=400, stretch='normal', size='scalable')) = 10.05
2025-09-28 13:40:47,746 - DEBUG - findfont: score(FontEntry(fname='C:\\Windows\\Fonts\\GOTHICBI.TTF', name='Century Gothic', style='italic', variant='normal', weight=700, stretch='normal', size='scalable')) = 11.335
2025-09-28 13:40:47,746 - DEBUG - findfont: score(FontEntry(fname='C:\\Windows\\Fonts\\BOOKOSI.TTF', name='Bookman Old Style', style='italic', variant='normal', weight=300, stretch='normal', size='scalable')) = 11.145
2025-09-28 13:40:47,746 - DEBUG - findfont: score(FontEntry(fname='C:\\Windows\\Fonts\\LetterGothicStd-Slanted.otf', name='Letter Gothic Std', style='italic', variant='normal', weight=400, stretch='normal', size='scalable')) = 11.05
2025-09-28 13:40:47,746 - DEBUG - findfont: score(FontEntry(fname='C:\\Windows\\Fonts\\MinionPro-Semibold.otf', name='Minion Pro', style='normal', variant='normal', weight=600, stretch='normal', size='scalable')) = 10.24
2025-09-28 13:40:47,746 - DEBUG - findfont: score(FontEntry(fname='C:\\Windows\\Fonts\\AdobeHebrew-Regular.otf', name='Adobe Hebrew', style='normal', variant='normal', weight=400, stretch='normal', size='scalable')) = 10.05
2025-09-28 13:40:47,747 - DEBUG - findfont: score(FontEntry(fname='C:\\Windows\\Fonts\\NirmalaB.ttf', name='Nirmala UI', style='normal', variant='normal', weight=700, stretch='normal', size='scalable')) = 10.335
2025-09-28 13:40:47,747 - DEBUG - findfont: score(FontEntry(fname='C:\\Windows\\Fonts\\KozMinPro-Bold.otf', name='Kozuka Mincho Pro', style='normal', variant='normal', weight=700, stretch='normal', size='scalable')) = 10.335
2025-09-28 13:40:47,747 - DEBUG - findfont: score(FontEntry(fname='C:\\Windows\\Fonts\\MesquiteStd.otf', name='Mesquite Std', style='normal', variant='normal', weight=500, stretch='normal', size='scalable')) = 10.145
2025-09-28 13:40:47,747 - DEBUG - findfont: score(FontEntry(fname='C:\\Windows\\Fonts\\ebrima.ttf', name='Ebrima', style='normal', variant='normal', weight=400, stretch='normal', size='scalable')) = 10.05
2025-09-28 13:40:47,747 - DEBUG - findfont: score(FontEntry(fname='C:\\Windows\\Fonts\\msyh.ttc', name='Microsoft YaHei', style='normal', variant='normal', weight=400, stretch='normal', size='scalable')) = 10.05
2025-09-28 13:40:47,747 - DEBUG - findfont: score(FontEntry(fname='C:\\Windows\\Fonts\\WINGDNG3.TTF', name='Wingdings 3', style='normal', variant='normal', weight=400, stretch='normal', size='scalable')) = 10.05
2025-09-28 13:40:47,747 - DEBUG - findfont: score(FontEntry(fname='C:\\Windows\\Fonts\\ChaparralPro-LightIt.otf', name='Chaparral Pro', style='italic', variant='normal', weight=300, stretch='normal', size='scalable')) = 11.145
2025-09-28 13:40:47,747 - DEBUG - findfont: score(FontEntry(fname='C:\\Windows\\Fonts\\corbeli.ttf', name='Corbel', style='italic', variant='normal', weight=400, stretch='normal', size='scalable')) = 11.05
2025-09-28 13:40:47,748 - DEBUG - findfont: score(FontEntry(fname='C:\\Windows\\Fonts\\framdit.ttf', name='Franklin Gothic Medium', style='italic', variant='normal', weight=400, stretch='normal', size='scalable')) = 11.05
2025-09-28 13:40:47,748 - DEBUG - findfont: score(FontEntry(fname='C:\\Windows\\Fonts\\symbol.ttf', name='Symbol', style='normal', variant='normal', weight=400, stretch='normal', size='scalable')) = 10.05
2025-09-28 13:40:47,748 - DEBUG - findfont: score(FontEntry(fname='C:\\Windows\\Fonts\\LithosPro-Regular.otf', name='Lithos Pro', style='normal', variant='normal', weight=400, stretch='normal', size='scalable')) = 10.05
2025-09-28 13:40:47,748 - DEBUG - findfont: score(FontEntry(fname='C:\\Windows\\Fonts\\malgunbd.ttf', name='Malgun Gothic', style='normal', variant='normal', weight=700, stretch='normal', size='scalable')) = 10.335
2025-09-28 13:40:47,748 - DEBUG - findfont: score(FontEntry(fname='C:\\Windows\\Fonts\\msyi.ttf', name='Microsoft Yi Baiti', style='normal', variant='normal', weight=400, stretch='normal', size='scalable')) = 10.05
2025-09-28 13:40:47,748 - DEBUG - findfont: score(FontEntry(fname='C:\\Windows\\Fonts\\MyriadHebrew-Bold.otf', name='Myriad Hebrew', style='normal', variant='normal', weight=700, stretch='normal', size='scalable')) = 10.335
2025-09-28 13:40:47,748 - DEBUG - findfont: score(FontEntry(fname='C:\\Windows\\Fonts\\seguibli.ttf', name='Segoe UI', style='italic', variant='normal', weight=900, stretch='normal', size='scalable')) = 11.525
2025-09-28 13:40:47,749 - DEBUG - findfont: score(FontEntry(fname='C:\\Windows\\Fonts\\segoeuib.ttf', name='Segoe UI', style='normal', variant='normal', weight=700, stretch='normal', size='scalable')) = 10.335
2025-09-28 13:40:47,749 - DEBUG - findfont: score(FontEntry(fname='C:\\Windows\\Fonts\\BKANT.TTF', name='Book Antiqua', style='normal', variant='normal', weight=400, stretch='normal', size='scalable')) = 10.05
2025-09-28 13:40:47,749 - DEBUG - findfont: score(FontEntry(fname='C:\\Windows\\Fonts\\consolai.ttf', name='Consolas', style='italic', variant='normal', weight=400, stretch='normal', size='scalable')) = 11.05
2025-09-28 13:40:47,749 - DEBUG - findfont: score(FontEntry(fname='C:\\Windows\\Fonts\\corbelli.ttf', name='Corbel', style='italic', variant='normal', weight=300, stretch='normal', size='scalable')) = 11.145
2025-09-28 13:40:47,749 - DEBUG - findfont: score(FontEntry(fname='C:\\Windows\\Fonts\\AdobeMingStd-Light.otf', name='Adobe Ming Std', style='normal', variant='normal', weight=300, stretch='normal', size='scalable')) = 10.145
2025-09-28 13:40:47,749 - DEBUG - findfont: score(FontEntry(fname='C:\\Windows\\Fonts\\LeelUIsl.ttf', name='Leelawadee UI', style='normal', variant='normal', weight=350, stretch='normal', size='scalable')) = 10.0975
2025-09-28 13:40:47,749 - DEBUG - findfont: score(FontEntry(fname='C:\\Windows\\Fonts\\AdobeHebrew-Bold.otf', name='Adobe Hebrew', style='normal', variant='normal', weight=600, stretch='normal', size='scalable')) = 10.24
2025-09-28 13:40:47,749 - DEBUG - findfont: score(FontEntry(fname='C:\\Windows\\Fonts\\Candarai.ttf', name='Candara', style='italic', variant='normal', weight=400, stretch='normal', size='scalable')) = 11.05
2025-09-28 13:40:47,750 - DEBUG - findfont: score(FontEntry(fname='C:\\Windows\\Fonts\\calibrii.ttf', name='Calibri', style='italic', variant='normal', weight=400, stretch='normal', size='scalable')) = 11.05
2025-09-28 13:40:47,750 - DEBUG - findfont: score(FontEntry(fname='C:\\Windows\\Fonts\\cambria.ttc', name='Cambria', style='normal', variant='normal', weight=400, stretch='normal', size='scalable')) = 10.05
2025-09-28 13:40:47,750 - DEBUG - findfont: score(FontEntry(fname='C:\\Windows\\Fonts\\SYMBOL_A.TTF', name='Symbol type A', style='normal', variant='normal', weight=400, stretch='normal', size='scalable')) = 10.05
2025-09-28 13:40:47,750 - DEBUG - findfont: score(FontEntry(fname='C:\\Windows\\Fonts\\REFSAN.TTF', name='MS Reference Sans Serif', style='normal', variant='normal', weight=400, stretch='normal', size='scalable')) = 10.05
2025-09-28 13:40:47,750 - DEBUG - findfont: score(FontEntry(fname='C:\\Windows\\Fonts\\AdobeGothicStd-Bold.otf', name='Adobe Gothic Std', style='normal', variant='normal', weight=700, stretch='normal', size='scalable')) = 10.335
2025-09-28 13:40:47,750 - DEBUG - findfont: score(FontEntry(fname='C:\\Windows\\Fonts\\REFSPCL.TTF', name='MS Reference Specialty', style='normal', variant='normal', weight=400, stretch='normal', size='scalable')) = 10.05
2025-09-28 13:40:47,750 - DEBUG - findfont: score(FontEntry(fname='C:\\Windows\\Fonts\\MyriadPro-SemiboldIt.otf', name='Myriad Pro', style='italic', variant='normal', weight=600, stretch='normal', size='scalable')) = 11.24
2025-09-28 13:40:47,750 - DEBUG - findfont: score(FontEntry(fname='C:\\Windows\\Fonts\\corbelb.ttf', name='Corbel', style='normal', variant='normal', weight=700, stretch='normal', size='scalable')) = 10.335
2025-09-28 13:40:47,751 - DEBUG - findfont: score(FontEntry(fname='C:\\Windows\\Fonts\\KozMinPr6N-Light.otf', name='Kozuka Mincho Pr6N', style='normal', variant='normal', weight=300, stretch='normal', size='scalable')) = 10.145
2025-09-28 13:40:47,751 - DEBUG - findfont: score(FontEntry(fname='C:\\Windows\\Fonts\\phagspa.ttf', name='Microsoft PhagsPa', style='normal', variant='normal', weight=400, stretch='normal', size='scalable')) = 10.05
2025-09-28 13:40:47,751 - DEBUG - findfont: score(FontEntry(fname='C:\\Windows\\Fonts\\impact.ttf', name='Impact', style='normal', variant='normal', weight=400, stretch='normal', size='scalable')) = 10.05
2025-09-28 13:40:47,751 - DEBUG - findfont: score(FontEntry(fname='C:\\Windows\\Fonts\\TrajanPro-Bold.otf', name='Trajan Pro', style='normal', variant='normal', weight=700, stretch='normal', size='scalable')) = 10.335
2025-09-28 13:40:47,751 - DEBUG - findfont: score(FontEntry(fname='C:\\Windows\\Fonts\\CooperBlackStd-Italic.otf', name='Cooper Std', style='italic', variant='normal', weight=900, stretch='normal', size='scalable')) = 11.525
2025-09-28 13:40:47,751 - DEBUG - findfont: score(FontEntry(fname='C:\\Windows\\Fonts\\AdobeMyungjoStd-Medium.otf', name='Adobe Myungjo Std', style='normal', variant='normal', weight=500, stretch='normal', size='scalable')) = 10.145
2025-09-28 13:40:47,751 - DEBUG - findfont: score(FontEntry(fname='C:\\Windows\\Fonts\\EuroScope.ttf', name='EuroScope', style='normal', variant='normal', weight=400, stretch='normal', size='scalable')) = 10.05
2025-09-28 13:40:47,752 - DEBUG - findfont: score(FontEntry(fname='C:\\Windows\\Fonts\\verdanab.ttf', name='Verdana', style='normal', variant='normal', weight=700, stretch='normal', size='scalable')) = 3.9713636363636367
2025-09-28 13:40:47,752 - DEBUG - findfont: score(FontEntry(fname='C:\\Windows\\Fonts\\PoplarStd.otf', name='Poplar Std', style='normal', variant='normal', weight=700, stretch='normal', size='scalable')) = 10.335
2025-09-28 13:40:47,752 - DEBUG - findfont: score(FontEntry(fname='C:\\Windows\\Fonts\\KozGoPr6N-Light.otf', name='Kozuka Gothic Pr6N', style='normal', variant='normal', weight=300, stretch='normal', size='scalable')) = 10.145
2025-09-28 13:40:47,752 - DEBUG - findfont: score(FontEntry(fname='C:\\Windows\\Fonts\\KozMinPro-ExtraLight.otf', name='Kozuka Mincho Pro', style='normal', variant='normal', weight=250, stretch='normal', size='scalable')) = 10.1925
2025-09-28 13:40:47,752 - DEBUG - findfont: score(FontEntry(fname='C:\\Windows\\Fonts\\MinionPro-Medium.otf', name='Minion Pro', style='normal', variant='normal', weight=500, stretch='normal', size='scalable')) = 10.145
2025-09-28 13:40:47,752 - DEBUG - findfont: score(FontEntry(fname='C:\\Windows\\Fonts\\MinionPro-BoldCnIt.otf', name='Minion Pro', style='italic', variant='normal', weight=700, stretch='condensed', size='scalable')) = 11.535
2025-09-28 13:40:47,752 - DEBUG - findfont: score(FontEntry(fname='C:\\Windows\\Fonts\\ChaparralPro-Bold.otf', name='Chaparral Pro', style='normal', variant='normal', weight=700, stretch='normal', size='scalable')) = 10.335
2025-09-28 13:40:47,752 - DEBUG - findfont: score(FontEntry(fname='C:\\Windows\\Fonts\\ANTQUAB.TTF', name='Book Antiqua', style='normal', variant='normal', weight=700, stretch='normal', size='scalable')) = 10.335
2025-09-28 13:40:47,753 - DEBUG - findfont: score(FontEntry(fname='C:\\Program Files (x86)\\Adobe\\Acrobat DC\\Resource\\Font\\AdobeDevanagari-Bold.otf', name='Adobe Devanagari', style='normal', variant='normal', weight=700, stretch='normal', size='scalable')) = 10.335
2025-09-28 13:40:47,753 - DEBUG - findfont: score(FontEntry(fname='C:\\Windows\\Fonts\\ANTQUAI.TTF', name='Book Antiqua', style='italic', variant='normal', weight=400, stretch='normal', size='scalable')) = 11.05
2025-09-28 13:40:47,753 - DEBUG - findfont: score(FontEntry(fname='C:\\Windows\\Fonts\\gadugib.ttf', name='Gadugi', style='normal', variant='normal', weight=700, stretch='normal', size='scalable')) = 10.335
2025-09-28 13:40:47,753 - DEBUG - findfont: score(FontEntry(fname='C:\\Windows\\Fonts\\KozGoPr6N-Regular.otf', name='Kozuka Gothic Pr6N', style='normal', variant='normal', weight=400, stretch='normal', size='scalable')) = 10.05
2025-09-28 13:40:47,753 - DEBUG - findfont: score(FontEntry(fname='C:\\Windows\\Fonts\\LetterGothicStd-BoldSlanted.otf', name='Letter Gothic Std', style='italic', variant='normal', weight=700, stretch='normal', size='scalable')) = 11.335
2025-09-28 13:40:47,754 - DEBUG - findfont: score(FontEntry(fname='C:\\Windows\\Fonts\\msyhbd.ttc', name='Microsoft YaHei', style='normal', variant='normal', weight=700, stretch='normal', size='scalable')) = 10.335
2025-09-28 13:40:47,754 - DEBUG - findfont: score(FontEntry(fname='C:\\Windows\\Fonts\\CascadiaMono.ttf', name='Cascadia Mono', style='normal', variant='normal', weight=400, stretch='normal', size='scalable')) = 10.05
2025-09-28 13:40:47,754 - DEBUG - findfont: score(FontEntry(fname='C:\\Windows\\Fonts\\LeelawUI.ttf', name='Leelawadee UI', style='normal', variant='normal', weight=400, stretch='normal', size='scalable')) = 10.05
2025-09-28 13:40:47,754 - DEBUG - findfont: score(FontEntry(fname='C:\\Windows\\Fonts\\KozGoPro-Light.otf', name='Kozuka Gothic Pro', style='normal', variant='normal', weight=300, stretch='normal', size='scalable')) = 10.145
2025-09-28 13:40:47,754 - DEBUG - findfont: score(FontEntry(fname='C:\\Windows\\Fonts\\constanz.ttf', name='Constantia', style='italic', variant='normal', weight=700, stretch='normal', size='scalable')) = 11.335
2025-09-28 13:40:47,754 - DEBUG - findfont: score(FontEntry(fname='C:\\Windows\\Fonts\\KozGoPr6N-Medium.otf', name='Kozuka Gothic Pr6N', style='normal', variant='normal', weight=500, stretch='normal', size='scalable')) = 10.145
2025-09-28 13:40:47,754 - DEBUG - findfont: score(FontEntry(fname='C:\\Windows\\Fonts\\LithosPro-Black.otf', name='Lithos Pro', style='normal', variant='normal', weight=850, stretch='normal', size='scalable')) = 10.4775
2025-09-28 13:40:47,754 - DEBUG - findfont: score(FontEntry(fname='C:\\Windows\\Fonts\\AsconComplex.ttf', name='Ascon Complex', style='normal', variant='normal', weight=400, stretch='normal', size='scalable')) = 10.05
2025-09-28 13:40:47,755 - DEBUG - findfont: score(FontEntry(fname='C:\\Windows\\Fonts\\segmdl2.ttf', name='Segoe MDL2 Assets', style='normal', variant='normal', weight=400, stretch='normal', size='scalable')) = 10.05
2025-09-28 13:40:47,755 - DEBUG - findfont: score(FontEntry(fname='C:\\Windows\\Fonts\\MyriadPro-Regular.otf', name='Myriad Pro', style='normal', variant='normal', weight=400, stretch='normal', size='scalable')) = 10.05
2025-09-28 13:40:47,755 - DEBUG - findfont: score(FontEntry(fname='C:\\Windows\\Fonts\\MyriadPro-Cond.otf', name='Myriad Pro', style='normal', variant='normal', weight=400, stretch='condensed', size='scalable')) = 10.25
2025-09-28 13:40:47,755 - DEBUG - findfont: score(FontEntry(fname='C:\\Windows\\Fonts\\NuevaStd-Cond.otf', name='Nueva Std', style='normal', variant='normal', weight=400, stretch='condensed', size='scalable')) = 10.25
2025-09-28 13:40:47,755 - DEBUG - findfont: score(FontEntry(fname='C:\\Windows\\Fonts\\ChaparralPro-BoldIt.otf', name='Chaparral Pro', style='italic', variant='normal', weight=700, stretch='normal', size='scalable')) = 11.335
2025-09-28 13:40:47,755 - DEBUG - findfont: score(FontEntry(fname='C:\\Windows\\Fonts\\verdanai.ttf', name='Verdana', style='italic', variant='normal', weight=400, stretch='normal', size='scalable')) = 4.6863636363636365
2025-09-28 13:40:47,755 - DEBUG - findfont: score(FontEntry(fname='C:\\Windows\\Fonts\\AGaramondPro-Bold.otf', name='Adobe Garamond Pro', style='normal', variant='normal', weight=700, stretch='normal', size='scalable')) = 10.335
2025-09-28 13:40:47,756 - DEBUG - findfont: score(FontEntry(fname='C:\\Windows\\Fonts\\KozGoPr6N-Bold.otf', name='Kozuka Gothic Pr6N', style='normal', variant='normal', weight=700, stretch='normal', size='scalable')) = 10.335
2025-09-28 13:40:47,756 - DEBUG - findfont: score(FontEntry(fname='C:\\Windows\\Fonts\\GOTHICI.TTF', name='Century Gothic', style='italic', variant='normal', weight=400, stretch='normal', size='scalable')) = 11.05
2025-09-28 13:40:47,756 - DEBUG - findfont: score(FontEntry(fname='C:\\Windows\\Fonts\\ACaslonPro-Italic.otf', name='Adobe Caslon Pro', style='italic', variant='normal', weight=400, stretch='normal', size='scalable')) = 11.05
2025-09-28 13:40:47,756 - DEBUG - findfont: score(FontEntry(fname='C:\\Windows\\Fonts\\BOOKOSB.TTF', name='Bookman Old Style', style='normal', variant='normal', weight=600, stretch='normal', size='scalable')) = 10.24
2025-09-28 13:40:47,756 - DEBUG - findfont: score(FontEntry(fname='C:\\Windows\\Fonts\\constanb.ttf', name='Constantia', style='normal', variant='normal', weight=700, stretch='normal', size='scalable')) = 10.335
2025-09-28 13:40:47,756 - DEBUG - findfont: score(FontEntry(fname='C:\\Windows\\Fonts\\seguili.ttf', name='Segoe UI', style='italic', variant='normal', weight=300, stretch='normal', size='scalable')) = 11.145
2025-09-28 13:40:47,757 - DEBUG - findfont: score(FontEntry(fname='C:\\Windows\\Fonts\\AdobeFangsongStd-Regular.otf', name='Adobe Fangsong Std', style='normal', variant='normal', weight=400, stretch='normal', size='scalable')) = 10.05
2025-09-28 13:40:47,757 - DEBUG - findfont: score(FontEntry(fname='C:\\Windows\\Fonts\\georgiaz.ttf', name='Georgia', style='italic', variant='normal', weight=700, stretch='normal', size='scalable')) = 11.335
2025-09-28 13:40:47,757 - DEBUG - findfont: score(FontEntry(fname='C:\\Windows\\Fonts\\TektonPro-BoldCond.otf', name='Tekton Pro', style='normal', variant='normal', weight=700, stretch='condensed', size='scalable')) = 10.535
2025-09-28 13:40:47,757 - DEBUG - findfont: score(FontEntry(fname='C:\\Windows\\Fonts\\KozMinPr6N-ExtraLight.otf', name='Kozuka Mincho Pr6N', style='normal', variant='normal', weight=250, stretch='normal', size='scalable')) = 10.1925
2025-09-28 13:40:47,757 - DEBUG - findfont: score(FontEntry(fname='C:\\Windows\\Fonts\\trebucit.ttf', name='Trebuchet MS', style='italic', variant='normal', weight=400, stretch='normal', size='scalable')) = 11.05
2025-09-28 13:40:47,757 - DEBUG - findfont: score(FontEntry(fname='C:\\Windows\\Fonts\\Gabriola.ttf', name='Gabriola', style='normal', variant='normal', weight=400, stretch='normal', size='scalable')) = 10.05
2025-09-28 13:40:47,757 - DEBUG - findfont: score(FontEntry(fname='C:\\Windows\\Fonts\\courbi.ttf', name='Courier New', style='italic', variant='normal', weight=700, stretch='normal', size='scalable')) = 11.335
2025-09-28 13:40:47,757 - DEBUG - findfont: score(FontEntry(fname='C:\\Windows\\Fonts\\Inkfree.ttf', name='Ink Free', style='normal', variant='normal', weight=400, stretch='normal', size='scalable')) = 10.05
2025-09-28 13:40:47,758 - DEBUG - findfont: score(FontEntry(fname='C:\\Windows\\Fonts\\KozMinPr6N-Medium.otf', name='Kozuka Mincho Pr6N', style='normal', variant='normal', weight=500, stretch='normal', size='scalable')) = 10.145
2025-09-28 13:40:47,758 - DEBUG - findfont: score(FontEntry(fname='C:\\Windows\\Fonts\\timesi.ttf', name='Times New Roman', style='italic', variant='normal', weight=400, stretch='normal', size='scalable')) = 11.05
2025-09-28 13:40:47,758 - DEBUG - findfont: score(FontEntry(fname='C:\\Windows\\Fonts\\bahnschrift.ttf', name='Bahnschrift', style='normal', variant='normal', weight=400, stretch='normal', size='scalable')) = 10.05
2025-09-28 13:40:47,758 - DEBUG - findfont: score(FontEntry(fname='C:\\Windows\\Fonts\\msjh.ttc', name='Microsoft JhengHei', style='normal', variant='normal', weight=400, stretch='normal', size='scalable')) = 10.05
2025-09-28 13:40:47,758 - DEBUG - findfont: score(FontEntry(fname='C:\\Windows\\Fonts\\MyriadHebrew-Regular.otf', name='Myriad Hebrew', style='normal', variant='normal', weight=400, stretch='normal', size='scalable')) = 10.05
2025-09-28 13:40:47,758 - DEBUG - findfont: score(FontEntry(fname='C:\\Windows\\Fonts\\KozMinPro-Heavy.otf', name='Kozuka Mincho Pro', style='normal', variant='normal', weight=900, stretch='normal', size='scalable')) = 10.525
2025-09-28 13:40:47,758 - DEBUG - findfont: score(FontEntry(fname='C:\\Windows\\Fonts\\OratorStd.otf', name='Orator Std', style='normal', variant='normal', weight=400, stretch='normal', size='scalable')) = 10.05
2025-09-28 13:40:47,759 - DEBUG - findfont: score(FontEntry(fname='C:\\Windows\\Fonts\\LetterGothicStd.otf', name='Letter Gothic Std', style='normal', variant='normal', weight=400, stretch='normal', size='scalable')) = 10.05
2025-09-28 13:40:47,759 - DEBUG - findfont: score(FontEntry(fname='C:\\Windows\\Fonts\\ntailu.ttf', name='Microsoft New Tai Lue', style='normal', variant='normal', weight=400, stretch='normal', size='scalable')) = 10.05
2025-09-28 13:40:47,759 - DEBUG - findfont: score(FontEntry(fname='C:\\Windows\\Fonts\\verdanaz.ttf', name='Verdana', style='italic', variant='normal', weight=700, stretch='normal', size='scalable')) = 4.971363636363637
2025-09-28 13:40:47,759 - DEBUG - findfont: score(FontEntry(fname='C:\\Windows\\Fonts\\LEELAWDB.TTF', name='Leelawadee', style='normal', variant='normal', weight=700, stretch='normal', size='scalable')) = 10.335
2025-09-28 13:40:47,759 - DEBUG - findfont: score(FontEntry(fname='C:\\Windows\\Fonts\\msjhl.ttc', name='Microsoft JhengHei', style='normal', variant='normal', weight=290, stretch='normal', size='scalable')) = 10.1545
2025-09-28 13:40:47,759 - DEBUG - findfont: score(FontEntry(fname='C:\\Windows\\Fonts\\AdobeArabic-BoldItalic.otf', name='Adobe Arabic', style='italic', variant='normal', weight=700, stretch='normal', size='scalable')) = 11.335
2025-09-28 13:40:47,759 - DEBUG - findfont: score(FontEntry(fname='C:\\Windows\\Fonts\\couri.ttf', name='Courier New', style='italic', variant='normal', weight=400, stretch='normal', size='scalable')) = 11.05
2025-09-28 13:40:47,759 - DEBUG - findfont: score(FontEntry(fname='C:\\Windows\\Fonts\\CooperBlackStd.otf', name='Cooper Std', style='normal', variant='normal', weight=900, stretch='normal', size='scalable')) = 10.525
2025-09-28 13:40:47,760 - DEBUG - findfont: score(FontEntry(fname='C:\\Windows\\Fonts\\KozMinPro-Regular.otf', name='Kozuka Mincho Pro', style='normal', variant='normal', weight=400, stretch='normal', size='scalable')) = 10.05
2025-09-28 13:40:47,760 - DEBUG - findfont: score(FontEntry(fname='C:\\Windows\\Fonts\\seguisb.ttf', name='Segoe UI', style='normal', variant='normal', weight=600, stretch='normal', size='scalable')) = 10.24
2025-09-28 13:40:47,760 - DEBUG - findfont: score(FontEntry(fname='C:\\Windows\\Fonts\\AdobeArabic-Regular.otf', name='Adobe Arabic', style='normal', variant='normal', weight=400, stretch='normal', size='scalable')) = 10.05
2025-09-28 13:40:47,760 - DEBUG - findfont: score(FontEntry(fname='C:\\Windows\\Fonts\\LeelaUIb.ttf', name='Leelawadee UI', style='normal', variant='normal', weight=700, stretch='normal', size='scalable')) = 10.335
2025-09-28 13:40:47,760 - DEBUG - findfont: score(FontEntry(fname='C:\\Windows\\Fonts\\ZWAdobeF.TTF', name='ZWAdobeF', style='normal', variant='normal', weight=400, stretch='normal', size='scalable')) = 10.05
2025-09-28 13:40:47,760 - DEBUG - findfont: score(FontEntry(fname='C:\\Windows\\Fonts\\timesbi.ttf', name='Times New Roman', style='italic', variant='normal', weight=700, stretch='normal', size='scalable')) = 11.335
2025-09-28 13:40:47,760 - DEBUG - findfont: score(FontEntry(fname='C:\\Windows\\Fonts\\MinionPro-BoldCn.otf', name='Minion Pro', style='normal', variant='normal', weight=700, stretch='condensed', size='scalable')) = 10.535
2025-09-28 13:40:47,760 - DEBUG - findfont: score(FontEntry(fname='C:\\Windows\\Fonts\\framd.ttf', name='Franklin Gothic Medium', style='normal', variant='normal', weight=400, stretch='normal', size='scalable')) = 10.05
2025-09-28 13:40:47,761 - DEBUG - findfont: Matching sans\-serif:style=normal:variant=normal:weight=normal:stretch=normal:size=10.0 to DejaVu Sans ('E:\\RasCalculator_SHIY\\.venv1\\Lib\\site-packages\\matplotlib\\mpl-data\\fonts\\ttf\\DejaVuSans.ttf') with score of 0.050000.
2025-09-28 13:50:19,527 - INFO - Полученная строка уравнений: x+45=7
2025-09-28 13:50:19,527 - INFO - Разбито на уравнения: ['x+45=7']
2025-09-28 13:50:19,527 - INFO - Преобразование уравнения: x+45=7
2025-09-28 13:50:19,532 - INFO - Добавлено уравнение: Eq(x + 45, 7)
2025-09-28 13:50:19,532 - INFO - Переменные, задействованные в уравнениях: {x}
2025-09-28 13:50:19,539 - INFO - Решение системы уравнений: {x: -38}
2025-09-28 13:50:19,539 - INFO - Не определён тип <class 'sympy.core.numbers.Integer'>
2025-09-28 13:50:19,539 - INFO - Применение динамической точности: {x: -38}
2025-09-28 13:50:19,539 - INFO - Форматированный результат: x=-38
2025-09-28 13:50:34,972 - INFO - Полученная строка уравнений: ч+7=9
2025-09-28 13:50:34,973 - INFO - Разбито на уравнения: ['ч+7=9']
2025-09-28 13:50:34,973 - INFO - Преобразование уравнения: ч+7=9
2025-09-28 13:50:34,978 - INFO - Добавлено уравнение: Eq(ч + 7, 9)
2025-09-28 13:50:34,978 - INFO - Переменные, задействованные в уравнениях: {ч}
2025-09-28 13:50:34,982 - INFO - Решение системы уравнений: {ч: 2}
2025-09-28 13:50:34,982 - INFO - Не определён тип <class 'sympy.core.numbers.Integer'>
2025-09-28 13:50:34,982 - INFO - Применение динамической точности: {ч: 2}
2025-09-28 13:50:34,983 - INFO - Форматированный результат: ч=2
2025-09-28 13:50:41,367 - INFO - Полученная строка уравнений: 2ч+7=9
2025-09-28 13:50:41,367 - INFO - Разбито на уравнения: ['2ч+7=9']
2025-09-28 13:50:41,368 - INFO - Преобразование уравнения: 2ч+7=9
2025-09-28 13:50:41,375 - INFO - Добавлено уравнение: Eq(2*ч + 7, 9)
2025-09-28 13:50:41,375 - INFO - Переменные, задействованные в уравнениях: {ч}
2025-09-28 13:50:41,380 - INFO - Решение системы уравнений: {ч: 1}
2025-09-28 13:50:41,381 - INFO - Не определён тип <class 'sympy.core.numbers.One'>
2025-09-28 13:50:41,381 - INFO - Применение динамической точности: {ч: 1}
2025-09-28 13:50:41,381 - INFO - Форматированный результат: ч=1
